0 verbose cli /usr/bin/node /usr/bin/npm
1 info using npm@9.2.0
2 info using node@v18.19.0
3 timing npm:load:whichnode Completed in 0ms
4 timing config:load:defaults Completed in 1ms
5 timing config:load:file:/usr/share/nodejs/npm/npmrc Completed in 1ms
6 timing config:load:builtin Completed in 1ms
7 timing config:load:cli Completed in 1ms
8 timing config:load:env Completed in 0ms
9 timing config:load:project Completed in 1ms
10 timing config:load:file:/root/.npmrc Completed in 0ms
11 timing config:load:user Completed in 0ms
12 timing config:load:file:/etc/npmrc Completed in 0ms
13 timing config:load:global Completed in 0ms
14 timing config:load:setEnvs Completed in 1ms
15 timing config:load Completed in 5ms
16 timing npm:load:configload Completed in 5ms
17 timing npm:load:mkdirpcache Completed in 0ms
18 timing npm:load:mkdirplogs Completed in 0ms
19 verbose title npm install
20 verbose argv "install" "--legacy-peer-deps"
21 timing npm:load:setTitle Completed in 1ms
22 timing config:load:flatten Completed in 1ms
23 timing npm:load:display Completed in 1ms
24 verbose logfile logs-max:10 dir:/root/.npm/_logs/2024-08-19T06_54_25_638Z-
25 verbose logfile /root/.npm/_logs/2024-08-19T06_54_25_638Z-debug-0.log
26 timing npm:load:logFile Completed in 5ms
27 timing npm:load:timers Completed in 0ms
28 timing npm:load:configScope Completed in 0ms
29 timing npm:load Completed in 12ms
30 silly logfile done cleaning log files
31 timing config:load:flatten Completed in 0ms
32 timing arborist:ctor Completed in 0ms
33 timing idealTree:init Completed in 618ms
34 timing idealTree:userRequests Completed in 0ms
35 silly idealTree buildDeps
36 timing idealTree:#root Completed in 1ms
37 timing idealTree:buildDeps Completed in 1ms
38 timing idealTree:fixDepFlags Completed in 0ms
39 timing idealTree Completed in 628ms
40 timing arborist:ctor Completed in 0ms
41 timing reify:loadTrees Completed in 1232ms
42 timing reify:diffTrees Completed in 23ms
43 silly reify moves {}
44 timing reify:retireShallow Completed in 1ms
45 timing reify:createSparse Completed in 1ms
46 timing reify:loadBundles Completed in 0ms
47 silly audit bulk request {
47 silly audit   '@ampproject/remapping': [ '2.3.0' ],
47 silly audit   '@apollo/client': [ '3.6.9' ],
47 silly audit   '@babel/code-frame': [ '7.24.7' ],
47 silly audit   '@babel/compat-data': [ '7.25.2' ],
47 silly audit   '@babel/core': [ '7.25.2', '7.17.8' ],
47 silly audit   debug: [ '4.3.6', '2.6.9' ],
47 silly audit   ms: [ '2.1.2', '2.0.0', '2.1.3' ],
47 silly audit   '@babel/eslint-parser': [ '7.25.1' ],
47 silly audit   '@babel/generator': [ '7.25.0', '7.17.7' ],
47 silly audit   '@babel/helper-annotate-as-pure': [ '7.24.7' ],
47 silly audit   '@babel/helper-builder-binary-assignment-operator-visitor': [ '7.24.7' ],
47 silly audit   '@babel/helper-compilation-targets': [ '7.25.2' ],
47 silly audit   '@babel/helper-create-class-features-plugin': [ '7.25.0' ],
47 silly audit   '@babel/helper-create-regexp-features-plugin': [ '7.25.2' ],
47 silly audit   '@babel/helper-define-polyfill-provider': [ '0.6.2' ],
47 silly audit   '@babel/helper-environment-visitor': [ '7.24.7' ],
47 silly audit   '@babel/helper-function-name': [ '7.24.7' ],
47 silly audit   '@babel/helper-hoist-variables': [ '7.24.7' ],
47 silly audit   '@babel/helper-member-expression-to-functions': [ '7.24.8' ],
47 silly audit   '@babel/helper-module-imports': [ '7.24.7' ],
47 silly audit   '@babel/helper-module-transforms': [ '7.25.2' ],
47 silly audit   '@babel/helper-optimise-call-expression': [ '7.24.7' ],
47 silly audit   '@babel/helper-plugin-utils': [ '7.24.8' ],
47 silly audit   '@babel/helper-remap-async-to-generator': [ '7.25.0' ],
47 silly audit   '@babel/helper-replace-supers': [ '7.25.0' ],
47 silly audit   '@babel/helper-simple-access': [ '7.24.7' ],
47 silly audit   '@babel/helper-skip-transparent-expression-wrappers': [ '7.24.7' ],
47 silly audit   '@babel/helper-split-export-declaration': [ '7.24.7' ],
47 silly audit   '@babel/helper-string-parser': [ '7.24.8' ],
47 silly audit   '@babel/helper-validator-identifier': [ '7.24.7' ],
47 silly audit   '@babel/helper-validator-option': [ '7.24.8' ],
47 silly audit   '@babel/helper-wrap-function': [ '7.25.0' ],
47 silly audit   '@babel/helpers': [ '7.25.0' ],
47 silly audit   '@babel/highlight': [ '7.24.7' ],
47 silly audit   '@babel/parser': [ '7.25.3', '7.17.8' ],
47 silly audit   '@babel/plugin-bugfix-firefox-class-in-computed-class-key': [ '7.25.3' ],
47 silly audit   '@babel/plugin-bugfix-safari-class-field-initializer-scope': [ '7.25.0' ],
47 silly audit   '@babel/plugin-bugfix-safari-id-destructuring-collision-in-function-expression': [ '7.25.0' ],
47 silly audit   '@babel/plugin-bugfix-v8-spread-parameters-in-optional-chaining': [ '7.24.7' ],
47 silly audit   '@babel/plugin-bugfix-v8-static-class-fields-redefine-readonly': [ '7.25.0' ],
47 silly audit   '@babel/plugin-external-helpers': [ '7.0.0' ],
47 silly audit   '@babel/plugin-proposal-async-generator-functions': [ '7.20.7' ],
47 silly audit   '@babel/plugin-proposal-class-properties': [ '7.18.6' ],
47 silly audit   '@babel/plugin-proposal-export-default-from': [ '7.24.7' ],
47 silly audit   '@babel/plugin-proposal-nullish-coalescing-operator': [ '7.18.6' ],
47 silly audit   '@babel/plugin-proposal-object-rest-spread': [ '7.20.7' ],
47 silly audit   '@babel/plugin-proposal-optional-catch-binding': [ '7.18.6' ],
47 silly audit   '@babel/plugin-proposal-optional-chaining': [ '7.21.0' ],
47 silly audit   '@babel/plugin-proposal-private-property-in-object': [ '7.21.0-placeholder-for-preset-env.2' ],
47 silly audit   '@babel/plugin-syntax-async-generators': [ '7.8.4' ],
47 silly audit   '@babel/plugin-syntax-bigint': [ '7.8.3' ],
47 silly audit   '@babel/plugin-syntax-class-properties': [ '7.12.13' ],
47 silly audit   '@babel/plugin-syntax-class-static-block': [ '7.14.5' ],
47 silly audit   '@babel/plugin-syntax-dynamic-import': [ '7.8.3' ],
47 silly audit   '@babel/plugin-syntax-export-default-from': [ '7.24.7' ],
47 silly audit   '@babel/plugin-syntax-export-namespace-from': [ '7.8.3' ],
47 silly audit   '@babel/plugin-syntax-flow': [ '7.24.7' ],
47 silly audit   '@babel/plugin-syntax-import-assertions': [ '7.24.7' ],
47 silly audit   '@babel/plugin-syntax-import-attributes': [ '7.24.7' ],
47 silly audit   '@babel/plugin-syntax-import-meta': [ '7.10.4' ],
47 silly audit   '@babel/plugin-syntax-json-strings': [ '7.8.3' ],
47 silly audit   '@babel/plugin-syntax-jsx': [ '7.24.7' ],
47 silly audit   '@babel/plugin-syntax-logical-assignment-operators': [ '7.10.4' ],
47 silly audit   '@babel/plugin-syntax-nullish-coalescing-operator': [ '7.8.3' ],
47 silly audit   '@babel/plugin-syntax-numeric-separator': [ '7.10.4' ],
47 silly audit   '@babel/plugin-syntax-object-rest-spread': [ '7.8.3' ],
47 silly audit   '@babel/plugin-syntax-optional-catch-binding': [ '7.8.3' ],
47 silly audit   '@babel/plugin-syntax-optional-chaining': [ '7.8.3' ],
47 silly audit   '@babel/plugin-syntax-private-property-in-object': [ '7.14.5' ],
47 silly audit   '@babel/plugin-syntax-top-level-await': [ '7.14.5' ],
47 silly audit   '@babel/plugin-syntax-typescript': [ '7.24.7' ],
47 silly audit   '@babel/plugin-syntax-unicode-sets-regex': [ '7.18.6' ],
47 silly audit   '@babel/plugin-transform-arrow-functions': [ '7.24.7' ],
47 silly audit   '@babel/plugin-transform-async-generator-functions': [ '7.25.0' ],
47 silly audit   '@babel/plugin-transform-async-to-generator': [ '7.24.7' ],
47 silly audit   '@babel/plugin-transform-block-scoped-functions': [ '7.24.7' ],
47 silly audit   '@babel/plugin-transform-block-scoping': [ '7.25.0' ],
47 silly audit   '@babel/plugin-transform-class-properties': [ '7.24.7' ],
47 silly audit   '@babel/plugin-transform-class-static-block': [ '7.24.7' ],
47 silly audit   '@babel/plugin-transform-classes': [ '7.25.0' ],
47 silly audit   '@babel/plugin-transform-computed-properties': [ '7.24.7' ],
47 silly audit   '@babel/plugin-transform-destructuring': [ '7.24.8' ],
47 silly audit   '@babel/plugin-transform-dotall-regex': [ '7.24.7' ],
47 silly audit   '@babel/plugin-transform-duplicate-keys': [ '7.24.7' ],
47 silly audit   '@babel/plugin-transform-duplicate-named-capturing-groups-regex': [ '7.25.0' ],
47 silly audit   '@babel/plugin-transform-dynamic-import': [ '7.24.7' ],
47 silly audit   '@babel/plugin-transform-exponentiation-operator': [ '7.24.7' ],
47 silly audit   '@babel/plugin-transform-export-namespace-from': [ '7.24.7' ],
47 silly audit   '@babel/plugin-transform-flow-strip-types': [ '7.25.2' ],
47 silly audit   '@babel/plugin-transform-for-of': [ '7.24.7' ],
47 silly audit   '@babel/plugin-transform-function-name': [ '7.25.1' ],
47 silly audit   '@babel/plugin-transform-json-strings': [ '7.24.7' ],
47 silly audit   '@babel/plugin-transform-literals': [ '7.25.2' ],
47 silly audit   '@babel/plugin-transform-logical-assignment-operators': [ '7.24.7' ],
47 silly audit   '@babel/plugin-transform-member-expression-literals': [ '7.24.7' ],
47 silly audit   '@babel/plugin-transform-modules-amd': [ '7.24.7' ],
47 silly audit   '@babel/plugin-transform-modules-commonjs': [ '7.24.8' ],
47 silly audit   '@babel/plugin-transform-modules-systemjs': [ '7.25.0' ],
47 silly audit   '@babel/plugin-transform-modules-umd': [ '7.24.7' ],
47 silly audit   '@babel/plugin-transform-named-capturing-groups-regex': [ '7.24.7' ],
47 silly audit   '@babel/plugin-transform-new-target': [ '7.24.7' ],
47 silly audit   '@babel/plugin-transform-nullish-coalescing-operator': [ '7.24.7' ],
47 silly audit   '@babel/plugin-transform-numeric-separator': [ '7.24.7' ],
47 silly audit   '@babel/plugin-transform-object-assign': [ '7.24.7' ],
47 silly audit   '@babel/plugin-transform-object-rest-spread': [ '7.24.7' ],
47 silly audit   '@babel/plugin-transform-object-super': [ '7.24.7' ],
47 silly audit   '@babel/plugin-transform-optional-catch-binding': [ '7.24.7' ],
47 silly audit   '@babel/plugin-transform-optional-chaining': [ '7.24.8' ],
47 silly audit   '@babel/plugin-transform-parameters': [ '7.24.7' ],
47 silly audit   '@babel/plugin-transform-private-methods': [ '7.24.7' ],
47 silly audit   '@babel/plugin-transform-private-property-in-object': [ '7.24.7' ],
47 silly audit   '@babel/plugin-transform-property-literals': [ '7.24.7' ],
47 silly audit   '@babel/plugin-transform-react-display-name': [ '7.24.7' ],
47 silly audit   '@babel/plugin-transform-react-jsx': [ '7.25.2' ],
47 silly audit   '@babel/plugin-transform-react-jsx-development': [ '7.24.7' ],
47 silly audit   '@babel/plugin-transform-react-jsx-self': [ '7.24.7' ],
47 silly audit   '@babel/plugin-transform-react-jsx-source': [ '7.24.7' ],
47 silly audit   '@babel/plugin-transform-react-pure-annotations': [ '7.24.7' ],
47 silly audit   '@babel/plugin-transform-regenerator': [ '7.24.7' ],
47 silly audit   '@babel/plugin-transform-reserved-words': [ '7.24.7' ],
47 silly audit   '@babel/plugin-transform-runtime': [ '7.24.7' ],
47 silly audit   '@babel/plugin-transform-shorthand-properties': [ '7.24.7' ],
47 silly audit   '@babel/plugin-transform-spread': [ '7.24.7' ],
47 silly audit   '@babel/plugin-transform-sticky-regex': [ '7.24.7' ],
47 silly audit   '@babel/plugin-transform-template-literals': [ '7.24.7' ],
47 silly audit   '@babel/plugin-transform-typeof-symbol': [ '7.24.8' ],
47 silly audit   '@babel/plugin-transform-typescript': [ '7.25.2' ],
47 silly audit   '@babel/plugin-transform-unicode-escapes': [ '7.24.7' ],
47 silly audit   '@babel/plugin-transform-unicode-property-regex': [ '7.24.7' ],
47 silly audit   '@babel/plugin-transform-unicode-regex': [ '7.24.7' ],
47 silly audit   '@babel/plugin-transform-unicode-sets-regex': [ '7.24.7' ],
47 silly audit   '@babel/preset-env': [ '7.25.3' ],
47 silly audit   '@babel/preset-flow': [ '7.24.7' ],
47 silly audit   '@babel/preset-modules': [ '0.1.6-no-external-plugins' ],
47 silly audit   '@babel/preset-react': [ '7.24.7' ],
47 silly audit   '@babel/preset-typescript': [ '7.24.7' ],
47 silly audit   '@babel/register': [ '7.24.6' ],
47 silly audit   'make-dir': [ '2.1.0', '4.0.0' ],
47 silly audit   pify: [ '4.0.1', '3.0.0' ],
47 silly audit   semver: [ '5.7.2', '7.6.3', '6.3.1' ],
47 silly audit   'source-map-support': [ '0.5.21', '0.5.13' ],
47 silly audit   '@babel/regjsgen': [ '0.8.0' ],
47 silly audit   '@babel/runtime': [ '7.18.3' ],
47 silly audit   '@babel/template': [ '7.25.0' ],
47 silly audit   '@babel/traverse': [ '7.25.3', '7.17.3' ],
47 silly audit   '@babel/types': [ '7.25.2', '7.17.0' ],
47 silly audit   '@bcoe/v8-coverage': [ '0.2.3' ],
47 silly audit   '@cspotcode/source-map-support': [ '0.8.1' ],
47 silly audit   '@jridgewell/trace-mapping': [ '0.3.9', '0.3.25' ],
47 silly audit   '@egjs/hammerjs': [ '2.0.17' ],
47 silly audit   '@eslint-community/eslint-utils': [ '4.4.0' ],
47 silly audit   'eslint-visitor-keys': [ '3.4.3', '2.1.0' ],
47 silly audit   '@eslint/eslintrc': [ '1.4.1' ],
47 silly audit   ajv: [ '6.12.6', '8.17.1' ],
47 silly audit   argparse: [ '2.0.1', '1.0.10' ],
47 silly audit   globals: [ '13.24.0', '11.12.0' ],
47 silly audit   'js-yaml': [ '4.1.0', '3.14.1' ],
47 silly audit   'json-schema-traverse': [ '0.4.1', '1.0.0' ],
47 silly audit   'type-fest': [ '0.20.2', '0.7.1', '0.21.3' ],
47 silly audit   '@faker-js/faker': [ '8.4.1' ],
47 silly audit   '@flatten-js/interval-tree': [ '1.1.3' ],
47 silly audit   '@forgerock/javascript-sdk': [ '4.4.2' ],
47 silly audit   '@formatjs/ecma402-abstract': [ '2.0.0' ],
47 silly audit   '@formatjs/fast-memoize': [ '2.2.0' ],
47 silly audit   '@formatjs/icu-messageformat-parser': [ '2.7.8' ],
47 silly audit   '@formatjs/icu-skeleton-parser': [ '1.8.2' ],
47 silly audit   '@formatjs/intl-localematcher': [ '0.5.4' ],
47 silly audit   '@forward-software/react-native-toolbox': [ '3.0.0' ],
47 silly audit   chalk: [ '4.1.2', '2.4.2', '1.1.3' ],
47 silly audit   'supports-color': [ '7.2.0', '5.5.0', '8.1.1', '2.0.0' ],
47 silly audit   '@gorhom/bottom-sheet': [ '4.6.4' ],
47 silly audit   '@gorhom/portal': [ '1.0.14' ],
47 silly audit   '@graphql-tools/merge': [ '9.0.6' ],
47 silly audit   '@graphql-tools/schema': [ '10.0.6' ],
47 silly audit   '@graphql-tools/utils': [ '10.5.4' ],
47 silly audit   '@graphql-typed-document-node/core': [ '3.2.0' ],
47 silly audit   '@hapi/hoek': [ '9.3.0' ],
47 silly audit   '@hapi/topo': [ '5.1.0' ],
47 silly audit   '@hookform/resolvers': [ '2.8.8' ],
47 silly audit   '@humanwhocodes/config-array': [ '0.9.5' ],
47 silly audit   '@humanwhocodes/object-schema': [ '1.2.1' ],
47 silly audit   '@internationalized/date': [ '3.4.0', '3.5.5' ],
47 silly audit   '@internationalized/message': [ '3.1.4' ],
47 silly audit   '@internationalized/number': [ '3.5.3' ],
47 silly audit   '@internationalized/string': [ '3.2.3' ],
47 silly audit   '@isaacs/cliui': [ '8.0.2' ],
47 silly audit   'ansi-regex': [ '6.0.1', '4.1.1', '5.0.1', '2.1.1', '3.0.1' ],
47 silly audit   'ansi-styles': [ '6.2.1', '5.2.0', '3.2.1', '4.3.0', '2.2.1' ],
47 silly audit   'emoji-regex': [ '9.2.2', '8.0.0' ],
47 silly audit   'string-width': [ '5.1.2', '1.0.2', '2.1.1', '4.2.3' ],
47 silly audit   'strip-ansi': [ '7.1.0', '5.2.0', '3.0.1', '4.0.0', '6.0.1' ],
47 silly audit   'wrap-ansi': [ '8.1.0', '6.2.0', '3.0.1', '7.0.0' ],
47 silly audit   '@istanbuljs/load-nyc-config': [ '1.1.0' ],
47 silly audit   camelcase: [ '5.3.1', '6.3.0' ],
47 silly audit   '@istanbuljs/schema': [ '0.1.3' ],
47 silly audit   '@jest/console': [ '28.1.3' ],
47 silly audit   '@jest/schemas': [ '28.1.3', '29.6.3' ],
47 silly audit   '@jest/types': [ '28.1.3', '27.5.1', '29.6.3', '26.6.2' ],
47 silly audit   '@sinclair/typebox': [ '0.24.51', '0.27.8' ],
47 silly audit   'jest-message-util': [ '28.1.3', '29.7.0' ],
47 silly audit   'jest-util': [ '28.1.3', '29.7.0', '27.5.1' ],
47 silly audit   'pretty-format': [ '28.1.3', '26.6.2', '29.7.0' ],
47 silly audit   'react-is': [ '18.3.1', '17.0.2', '16.13.1' ],
47 silly audit   '@jest/core': [ '28.1.3' ],
47 silly audit   '@jest/expect-utils': [ '28.1.3', '29.7.0' ],
47 silly audit   'diff-sequences': [ '28.1.1', '29.6.3' ],
47 silly audit   expect: [ '28.1.3', '29.7.0' ],
47 silly audit   'jest-diff': [ '28.1.3', '29.7.0' ],
47 silly audit   'jest-get-type': [ '28.0.2', '29.6.3', '26.3.0' ],
47 silly audit   'jest-matcher-utils': [ '28.1.3', '29.7.0' ],
47 silly audit   'jest-snapshot': [ '28.1.3', '29.7.0' ],
47 silly audit   '@jest/create-cache-key-function': [ '27.5.1' ],
47 silly audit   '@types/yargs': [ '16.0.9', '15.0.19', '17.0.33' ],
47 silly audit   '@jest/environment': [ '29.7.0', '28.1.3' ],
47 silly audit   '@jest/expect': [ '29.7.0', '28.1.3' ],
47 silly audit   '@jest/fake-timers': [ '29.7.0', '28.1.3' ],
47 silly audit   '@jest/globals': [ '29.7.0', '28.1.3' ],
47 silly audit   '@jest/reporters': [ '28.1.3' ],
47 silly audit   glob: [ '7.2.3', '9.3.5', '8.1.0', '6.0.4', '10.4.5' ],
47 silly audit   '@jest/source-map': [ '28.1.2' ],
47 silly audit   '@jest/test-result': [ '28.1.3' ],
47 silly audit   '@jest/test-sequencer': [ '28.1.3' ],
47 silly audit   '@jest/transform': [ '28.1.3', '29.7.0' ],
47 silly audit   'convert-source-map': [ '1.9.0', '2.0.0' ],
47 silly audit   '@jridgewell/gen-mapping': [ '0.3.5' ],
47 silly audit   '@jridgewell/resolve-uri': [ '3.1.2' ],
47 silly audit   '@jridgewell/set-array': [ '1.2.1' ],
47 silly audit   '@jridgewell/sourcemap-codec': [ '1.5.0' ],
47 silly audit   '@nicolo-ribaudo/eslint-scope-5-internals': [ '5.1.1-v1' ],
47 silly audit   '@nodelib/fs.scandir': [ '2.1.5' ],
47 silly audit   '@nodelib/fs.stat': [ '2.0.5' ],
47 silly audit   '@nodelib/fs.walk': [ '1.2.8' ],
47 silly audit   '@oclif/core': [ '1.26.2', '2.16.0' ],
47 silly audit   '@oclif/linewrap': [ '1.0.0' ],
47 silly audit   '@oclif/plugin-help': [ '5.2.20' ],
47 silly audit   'is-fullwidth-code-point': [ '3.0.0', '2.0.0', '1.0.0', '4.0.0' ],
47 silly audit   'slice-ansi': [ '4.0.0', '2.1.0', '0.0.4', '3.0.0', '5.0.0' ],
47 silly audit   '@oclif/screen': [ '3.0.8' ],
47 silly audit   '@pkgjs/parseargs': [ '0.11.0' ],
47 silly audit   '@react-aria/checkbox': [ '3.2.1' ],
47 silly audit   '@react-aria/combobox': [ '3.10.1' ],
47 silly audit   '@react-stately/collections': [ '3.10.9', '3.3.0' ],
47 silly audit   '@react-stately/combobox': [ '3.9.1', '3.0.0-alpha.1' ],
47 silly audit   '@react-aria/focus': [ '3.18.1' ],
47 silly audit   '@react-aria/interactions': [ '3.22.1', '3.17.0' ],
47 silly audit   '@react-aria/form': [ '3.0.7' ],
47 silly audit   '@react-aria/i18n': [ '3.12.1' ],
47 silly audit   '@react-aria/label': [ '3.7.10' ],
47 silly audit   '@react-aria/listbox': [ '3.13.1' ],
47 silly audit   '@react-aria/live-announcer': [ '3.3.4' ],
47 silly audit   '@react-aria/menu': [ '3.15.1' ],
47 silly audit   '@react-aria/overlays': [ '3.23.1' ],
47 silly audit   '@react-aria/radio': [ '3.10.6' ],
47 silly audit   '@react-stately/radio': [ '3.10.6', '3.2.1' ],
47 silly audit   '@react-aria/selection': [ '3.19.1' ],
47 silly audit   '@react-aria/slider': [ '3.7.10' ],
47 silly audit   '@react-stately/slider': [ '3.5.6', '3.0.1' ],
47 silly audit   '@react-aria/ssr': [ '3.9.5' ],
47 silly audit   '@react-aria/tabs': [ '3.0.0-alpha.2' ],
47 silly audit   '@react-stately/tabs': [ '3.0.0-alpha.0', '3.0.0-alpha.1' ],
47 silly audit   '@react-aria/textfield': [ '3.14.7' ],
47 silly audit   '@react-aria/toggle': [ '3.10.6' ],
47 silly audit   '@react-stately/toggle': [ '3.7.6', '3.2.1' ],
47 silly audit   '@react-aria/utils': [ '3.25.1' ],
47 silly audit   '@react-aria/visually-hidden': [ '3.8.14' ],
47 silly audit   '@react-native-aria/button': [ '0.2.7' ],
47 silly audit   '@react-native-aria/checkbox': [ '0.2.9' ],
47 silly audit   '@react-native-aria/combobox': [ '0.2.6' ],
47 silly audit   '@react-native-aria/focus': [ '0.2.9' ],
47 silly audit   '@react-native-aria/interactions': [ '0.2.13' ],
47 silly audit   '@react-native-aria/listbox': [ '0.2.6' ],
47 silly audit   '@react-native-aria/overlays': [ '0.3.14' ],
47 silly audit   '@react-native-aria/radio': [ '0.2.10' ],
47 silly audit   '@react-native-aria/slider': [ '0.2.11' ],
47 silly audit   '@react-native-aria/tabs': [ '0.2.10' ],
47 silly audit   '@react-native-aria/toggle': [ '0.2.8' ],
47 silly audit   '@react-native-aria/utils': [ '0.2.11' ],
47 silly audit   '@react-native-async-storage/async-storage': [ '1.17.9' ],
47 silly audit   '@react-native-community/cli': [ '8.0.7' ],
47 silly audit   '@react-native-community/cli-clean': [ '8.0.4' ],
47 silly audit   'cross-spawn': [ '6.0.5', '4.0.2', '7.0.3' ],
47 silly audit   execa: [ '1.0.0', '5.1.1', '6.1.0', '4.1.0' ],
47 silly audit   'get-stream': [ '4.1.0', '6.0.1', '5.2.0' ],
47 silly audit   'is-stream': [ '1.1.0', '2.0.1', '3.0.0' ],
47 silly audit   'npm-run-path': [ '2.0.2', '5.3.0', '4.0.1' ],
47 silly audit   'path-key': [ '2.0.1', '4.0.0', '3.1.1' ],
47 silly audit   '@react-native-community/cli-config': [ '8.0.6' ],
47 silly audit   cosmiconfig: [ '5.2.1', '8.3.6' ],
47 silly audit   deepmerge: [ '3.3.0', '4.3.1' ],
47 silly audit   'import-fresh': [ '2.0.0', '3.3.0' ],
47 silly audit   'parse-json': [ '4.0.0', '5.2.0' ],
47 silly audit   'resolve-from': [ '3.0.0', '4.0.0', '5.0.0' ],
47 silly audit   '@react-native-community/cli-debugger-ui': [ '8.0.0' ],
47 silly audit   '@react-native-community/cli-doctor': [ '8.0.6' ],
47 silly audit   '@react-native-community/cli-hermes': [ '8.0.5' ],
47 silly audit   '@react-native-community/cli-platform-android': [ '8.0.5' ],
47 silly audit   'fs-extra': [ '8.1.0', '11.2.0', '9.1.0', '10.1.0', '1.0.0', '7.0.1' ],
47 silly audit   jsonfile: [ '4.0.0', '6.1.0', '2.4.0' ],
47 silly audit   universalify: [ '0.1.2', '2.0.1' ],
47 silly audit   '@react-native-community/cli-platform-ios': [ '8.0.6' ],
47 silly audit   '@react-native-community/cli-plugin-metro': [ '8.0.7' ],
47 silly audit   'metro-react-native-babel-preset': [ '0.70.4', '0.71.1', '0.70.3' ],
47 silly audit   'metro-react-native-babel-transformer': [ '0.70.4', '0.70.3' ],
47 silly audit   'metro-runtime': [ '0.70.4', '0.70.3' ],
47 silly audit   'metro-source-map': [ '0.70.4', '0.70.3' ],
47 silly audit   ob1: [ '0.70.4', '0.70.3' ],
47 silly audit   'source-map': [ '0.5.7', '0.7.4', '0.6.1' ],
47 silly audit   '@react-native-community/cli-server-api': [ '8.0.4' ],
47 silly audit   '@react-native-community/cli-tools': [ '8.0.4' ],
47 silly audit   'find-up': [ '5.0.0', '3.0.0', '4.1.0' ],
47 silly audit   'is-wsl': [ '1.1.0', '2.2.0' ],
47 silly audit   'locate-path': [ '6.0.0', '3.0.0', '5.0.0' ],
47 silly audit   mime: [ '2.6.0', '1.6.0' ],
47 silly audit   open: [ '6.4.0', '8.4.2', '7.4.2' ],
47 silly audit   'p-locate': [ '5.0.0', '3.0.0', '4.1.0' ],
47 silly audit   '@react-native-community/cli-types': [ '8.0.0' ],
47 silly audit   commander: [ '2.20.3', '9.5.0', '7.2.0', '2.13.0' ],
47 silly audit   '@react-native-community/eslint-config': [ '3.0.3' ],
47 silly audit   'eslint-plugin-jest': [ '25.7.0', '27.9.0' ],
47 silly audit   '@react-native-community/eslint-plugin': [ '1.2.0' ],
47 silly audit   '@react-native-community/geolocation': [ '3.0.6' ],
47 silly audit   '@react-native-community/hooks': [ '3.0.0' ],
47 silly audit   '@react-native-community/netinfo': [ '9.5.0' ],
47 silly audit   '@react-native-firebase/analytics': [ '18.3.0' ],
47 silly audit   '@react-native-firebase/app': [ '18.3.0' ],
47 silly audit   '@react-native-firebase/messaging': [ '18.3.0' ],
47 silly audit   '@react-native-firebase/remote-config': [ '18.3.0' ],
47 silly audit   '@react-native-masked-view/masked-view': [ '0.2.9' ],
47 silly audit   '@react-native/assets': [ '1.0.0' ],
47 silly audit   '@react-native/normalize-color': [ '2.0.0' ],
47 silly audit   '@react-native/normalize-colors': [ '0.72.0' ],
47 silly audit   '@react-native/polyfills': [ '2.0.0' ],
47 silly audit   '@react-navigation/bottom-tabs': [ '6.6.1' ],
47 silly audit   '@react-navigation/core': [ '6.4.17' ],
47 silly audit   '@react-navigation/elements': [ '1.3.31' ],
47 silly audit   '@react-navigation/material-top-tabs': [ '6.6.14' ],
47 silly audit   '@react-navigation/native': [ '6.0.11' ],
47 silly audit   '@react-navigation/routers': [ '6.1.9' ],
47 silly audit   '@react-navigation/stack': [ '6.2.2' ],
47 silly audit   '@react-stately/checkbox': [ '3.0.3' ],
47 silly audit   '@react-types/combobox': [ '3.0.0-alpha.1', '3.12.1' ],
47 silly audit   '@react-stately/form': [ '3.0.5' ],
47 silly audit   '@react-stately/list': [ '3.10.7' ],
47 silly audit   '@react-stately/menu': [ '3.8.1' ],
47 silly audit   '@react-stately/overlays': [ '3.6.9' ],
47 silly audit   '@react-stately/select': [ '3.6.6' ],
47 silly audit   '@react-stately/selection': [ '3.16.1' ],
47 silly audit   '@react-stately/tree': [ '3.8.3' ],
47 silly audit   '@react-stately/utils': [ '3.10.2' ],
47 silly audit   '@react-types/button': [ '3.9.6' ],
47 silly audit   '@react-types/checkbox': [ '3.8.3' ],
47 silly audit   '@react-types/listbox': [ '3.5.1' ],
47 silly audit   '@react-types/menu': [ '3.9.11' ],
47 silly audit   '@react-types/overlays': [ '3.8.9' ],
47 silly audit   '@react-types/radio': [ '3.8.3' ],
47 silly audit   '@react-types/select': [ '3.9.6' ],
47 silly audit   '@react-types/shared': [ '3.24.1' ],
47 silly audit   '@react-types/slider': [ '3.7.5' ],
47 silly audit   '@react-types/tabs': [ '3.0.0-alpha.2' ],
47 silly audit   '@react-types/textfield': [ '3.9.5' ],
47 silly audit   '@redux-saga/core': [ '1.3.0' ],
47 silly audit   '@redux-saga/deferred': [ '1.2.1' ],
47 silly audit   '@redux-saga/delay-p': [ '1.2.1' ],
47 silly audit   '@redux-saga/is': [ '1.1.3' ],
47 silly audit   '@redux-saga/symbols': [ '1.1.3' ],
47 silly audit   '@redux-saga/types': [ '1.2.1' ],
47 silly audit   '@reduxjs/toolkit': [ '1.8.4' ],
47 silly audit   '@rneui/base': [ '4.0.0-rc.8' ],
47 silly audit   color: [ '3.2.1', '4.2.3' ],
47 silly audit   'color-convert': [ '1.9.3', '2.0.1' ],
47 silly audit   'color-name': [ '1.1.3', '1.1.4' ],
47 silly audit   '@rneui/themed': [ '4.0.0-rc.8' ],
47 silly audit   '@samverschueren/stream-to-observable': [ '0.3.1' ],
47 silly audit   '@shopify/flash-list': [ '1.4.3' ],
47 silly audit   tslib: [ '2.4.0', '1.14.1', '2.6.3' ],
47 silly audit   '@sideway/address': [ '4.1.5' ],
47 silly audit   '@sideway/formula': [ '3.0.1' ],
47 silly audit   '@sideway/pinpoint': [ '2.0.0' ],
47 silly audit   '@sinonjs/commons': [ '3.0.1', '1.8.6' ],
47 silly audit   '@sinonjs/fake-timers': [ '10.3.0', '9.1.2' ],
47 silly audit   '@svgr/babel-plugin-add-jsx-attribute': [ '8.0.0' ],
47 silly audit   '@svgr/babel-plugin-remove-jsx-attribute': [ '8.0.0' ],
47 silly audit   '@svgr/babel-plugin-remove-jsx-empty-expression': [ '8.0.0' ],
47 silly audit   '@svgr/babel-plugin-replace-jsx-attribute-value': [ '8.0.0' ],
47 silly audit   '@svgr/babel-plugin-svg-dynamic-title': [ '8.0.0' ],
47 silly audit   '@svgr/babel-plugin-svg-em-dimensions': [ '8.0.0' ],
47 silly audit   '@svgr/babel-plugin-transform-react-native-svg': [ '8.1.0' ],
47 silly audit   '@svgr/babel-plugin-transform-svg-component': [ '8.0.0' ],
47 silly audit   '@svgr/babel-preset': [ '8.1.0' ],
47 silly audit   '@svgr/cli': [ '8.1.0' ],
47 silly audit   '@svgr/core': [ '8.1.0' ],
47 silly audit   '@svgr/hast-util-to-babel-ast': [ '8.0.0' ],
47 silly audit   '@svgr/plugin-jsx': [ '8.1.0' ],
47 silly audit   '@svgr/plugin-prettier': [ '8.1.0' ],
47 silly audit   prettier: [ '2.8.8', '2.7.1' ],
47 silly audit   '@svgr/plugin-svgo': [ '8.1.0' ],
47 silly audit   '@swc/helpers': [ '0.5.12' ],
47 silly audit   '@testing-library/jest-native': [ '5.4.3' ],
47 silly audit   '@testing-library/react-hooks': [ '8.0.1' ],
47 silly audit   '@testing-library/react-native': [ '12.6.0' ],
47 silly audit   '@trivago/prettier-plugin-sort-imports': [ '3.3.0' ],
47 silly audit   '@trysound/sax': [ '0.2.0' ],
47 silly audit   '@tsconfig/node10': [ '1.0.11' ],
47 silly audit   '@tsconfig/node12': [ '1.0.11' ],
47 silly audit   '@tsconfig/node14': [ '1.0.3' ],
47 silly audit   '@tsconfig/node16': [ '1.0.4' ],
47 silly audit   '@tsconfig/react-native': [ '3.0.5' ],
47 silly audit   '@types/babel__core': [ '7.20.5' ],
47 silly audit   '@types/babel__generator': [ '7.6.8' ],
47 silly audit   '@types/babel__template': [ '7.4.4' ],
47 silly audit   '@types/babel__traverse': [ '7.20.6' ],
47 silly audit   '@types/cli-progress': [ '3.11.6' ],
47 silly audit   '@types/geojson': [ '7946.0.14' ],
47 silly audit   '@types/graceful-fs': [ '4.1.9' ],
47 silly audit   '@types/hammerjs': [ '2.0.45' ],
47 silly audit   '@types/hoist-non-react-statics': [ '3.3.5' ],
47 silly audit   '@types/istanbul-lib-coverage': [ '2.0.6' ],
47 silly audit   '@types/istanbul-lib-report': [ '3.0.3' ],
47 silly audit   '@types/istanbul-reports': [ '3.0.4' ],
47 silly audit   '@types/jest': [ '28.1.4' ],
47 silly audit   '@types/json-schema': [ '7.0.15' ],
47 silly audit   '@types/json5': [ '0.0.29' ],
47 silly audit   '@types/lodash': [ '4.17.7' ],
47 silly audit   '@types/node': [ '18.0.3' ],
47 silly audit   '@types/prettier': [ '2.7.3' ],
47 silly audit   '@types/prop-types': [ '15.7.12' ],
47 silly audit   '@types/react': [ '18.2.0' ],
47 silly audit   '@types/react-native': [ '0.69.7', '0.70.19' ],
47 silly audit   '@types/react-native-background-timer': [ '2.0.2' ],
47 silly audit   '@types/react-native-indicators': [ '0.16.6' ],
47 silly audit   '@types/react-native-vector-icons': [ '6.4.18' ],
47 silly audit   '@types/react-native-video': [ '5.0.20' ],
47 silly audit   '@types/react-redux': [ '7.1.33' ],
47 silly audit   '@types/react-test-renderer': [ '18.0.0' ],
47 silly audit   '@types/redux-mock-store': [ '1.0.6' ],
47 silly audit   '@types/scheduler': [ '0.23.0' ],
47 silly audit   '@types/semver': [ '7.5.8' ],
47 silly audit   '@types/stack-utils': [ '2.0.3' ],
47 silly audit   '@types/use-sync-external-store': [ '0.0.3' ],
47 silly audit   '@types/uuid': [ '9.0.8' ],
47 silly audit   '@types/yargs-parser': [ '21.0.3' ],
47 silly audit   '@typescript-eslint/eslint-plugin': [ '5.30.5' ],
47 silly audit   '@typescript-eslint/experimental-utils': [ '5.62.0' ],
47 silly audit   '@typescript-eslint/scope-manager': [ '5.62.0', '5.30.5' ],
47 silly audit   '@typescript-eslint/types': [ '5.62.0', '5.30.5', '4.33.0' ],
47 silly audit   '@typescript-eslint/typescript-estree': [ '5.62.0', '5.30.5', '4.33.0' ],
47 silly audit   '@typescript-eslint/utils': [ '5.62.0', '5.30.5' ],
47 silly audit   '@typescript-eslint/visitor-keys': [ '5.62.0', '5.30.5', '4.33.0' ],
47 silly audit   '@typescript-eslint/parser': [ '5.30.5' ],
47 silly audit   '@typescript-eslint/type-utils': [ '5.30.5' ],
47 silly audit   '@wry/context': [ '0.6.1', '0.7.4' ],
47 silly audit   '@wry/equality': [ '0.5.7' ],
47 silly audit   '@wry/trie': [ '0.3.2' ],
47 silly audit   '@xmldom/xmldom': [ '0.8.10' ],
47 silly audit   '@yarnpkg/lockfile': [ '1.1.0' ],
47 silly audit   'abort-controller': [ '3.0.0' ],
47 silly audit   'absolute-path': [ '0.0.0' ],
47 silly audit   accepts: [ '1.3.8' ],
47 silly audit   acorn: [ '8.12.1' ],
47 silly audit   'acorn-jsx': [ '5.3.2' ],
47 silly audit   'acorn-walk': [ '8.3.3' ],
47 silly audit   'aggregate-error': [ '3.1.0' ],
47 silly audit   'clean-stack': [ '2.2.0', '3.0.1' ],
47 silly audit   anser: [ '1.4.10' ],
47 silly audit   'ansi-escapes': [ '4.3.2', '3.2.0' ],
47 silly audit   'ansi-fragments': [ '0.2.1' ],
47 silly audit   'astral-regex': [ '1.0.0', '2.0.0' ],
47 silly audit   colorette: [ '1.4.0', '2.0.20' ],
47 silly audit   ansicolors: [ '0.3.2' ],
47 silly audit   'any-observable': [ '0.3.0' ],
47 silly audit   anymatch: [ '3.1.3' ],
47 silly audit   'apollo-link-rest': [ '0.9.0' ],
47 silly audit   'app-module-path': [ '2.2.0' ],
47 silly audit   appdirsjs: [ '1.2.7' ],
47 silly audit   aproba: [ '1.2.0' ],
47 silly audit   'are-we-there-yet': [ '1.1.7' ],
47 silly audit   arg: [ '4.1.3' ],
47 silly audit   'arr-diff': [ '4.0.0' ],
47 silly audit   'arr-flatten': [ '1.1.0' ],
47 silly audit   'arr-union': [ '3.1.0' ],
47 silly audit   'array-buffer-byte-length': [ '1.0.1' ],
47 silly audit   'array-includes': [ '3.1.8' ],
47 silly audit   'array-union': [ '2.1.0' ],
47 silly audit   'array-unique': [ '0.3.2' ],
47 silly audit   'array.prototype.filter': [ '1.0.4' ],
47 silly audit   'array.prototype.findlast': [ '1.2.5' ],
47 silly audit   'array.prototype.flat': [ '1.3.2' ],
47 silly audit   'array.prototype.flatmap': [ '1.3.2' ],
47 silly audit   'array.prototype.tosorted': [ '1.1.4' ],
47 silly audit   'arraybuffer.prototype.slice': [ '1.0.3' ],
47 silly audit   asap: [ '2.0.6' ],
47 silly audit   'assign-symbols': [ '1.0.0' ],
47 silly audit   'ast-module-types': [ '3.0.0', '2.7.1' ],
47 silly audit   'ast-types': [ '0.14.2' ],
47 silly audit   async: [ '3.2.5' ],
47 silly audit   'async-limiter': [ '1.0.1' ],
47 silly audit   asynckit: [ '0.4.0' ],
47 silly audit   'at-least-node': [ '1.0.0' ],
47 silly audit   atob: [ '2.1.2' ],
47 silly audit   'available-typed-arrays': [ '1.0.7' ],
47 silly audit   axios: [ '0.27.2' ],
47 silly audit   'axios-mock-adapter': [ '1.22.0' ],
47 silly audit   'babel-core': [ '7.0.0-bridge.0' ],
47 silly audit   'babel-jest': [ '28.1.1', '28.1.3' ],
47 silly audit   'babel-plugin-istanbul': [ '6.1.1' ],
47 silly audit   'babel-plugin-jest-hoist': [ '28.1.3' ],
47 silly audit   'babel-plugin-module-resolver': [ '5.0.2' ],
47 silly audit   'brace-expansion': [ '2.0.1', '1.1.11' ],
47 silly audit   minimatch: [ '8.0.4', '9.0.5', '5.1.6', '3.1.2' ],
47 silly audit   'babel-plugin-polyfill-corejs2': [ '0.4.11' ],
47 silly audit   'babel-plugin-polyfill-corejs3': [ '0.10.6' ],
47 silly audit   'babel-plugin-polyfill-regenerator': [ '0.6.2' ],
47 silly audit   'babel-plugin-syntax-trailing-function-commas': [ '7.0.0-beta.0' ],
47 silly audit   'babel-plugin-transform-remove-console': [ '6.9.4' ],
47 silly audit   'babel-preset-current-node-syntax': [ '1.1.0' ],
47 silly audit   'babel-preset-fbjs': [ '3.4.0' ],
47 silly audit   'babel-preset-jest': [ '28.1.3' ],
47 silly audit   'balanced-match': [ '1.0.2' ],
47 silly audit   base: [ '0.11.2' ],
47 silly audit   'base-64': [ '0.1.0' ],
47 silly audit   'define-property': [ '1.0.0', '0.2.5', '2.0.2' ],
47 silly audit   'base64-js': [ '1.5.1' ],
47 silly audit   'big-integer': [ '1.6.52' ],
47 silly audit   bl: [ '4.1.0' ],
47 silly audit   'readable-stream': [ '3.6.2', '2.3.8' ],
47 silly audit   bluebird: [ '3.7.2' ],
47 silly audit   boolbase: [ '1.0.0' ],
47 silly audit   'bplist-creator': [ '0.1.0' ],
47 silly audit   'bplist-parser': [ '0.3.1' ],
47 silly audit   braces: [ '3.0.3', '2.3.2' ],
47 silly audit   'browser-process-hrtime': [ '1.0.0' ],
47 silly audit   browserslist: [ '4.23.3' ],
47 silly audit   'bs-logger': [ '0.2.6' ],
47 silly audit   bser: [ '2.1.1' ],
47 silly audit   buffer: [ '5.7.1' ],
47 silly audit   'buffer-from': [ '1.1.2' ],
47 silly audit   bunyamin: [ '1.6.3' ],
47 silly audit   bunyan: [ '1.8.15', '2.0.5' ],
47 silly audit   'bunyan-debug-stream': [ '3.1.0' ],
47 silly audit   'cache-base': [ '1.0.1' ],
47 silly audit   caf: [ '15.0.1' ],
47 silly audit   'call-bind': [ '1.0.7' ],
47 silly audit   'caller-callsite': [ '2.0.0' ],
47 silly audit   callsites: [ '2.0.0', '3.1.0' ],
47 silly audit   'caller-path': [ '2.0.0' ],
47 silly audit   'caniuse-lite': [ '1.0.30001651' ],
47 silly audit   'card-validator': [ '8.1.1' ],
47 silly audit   cardinal: [ '2.1.1' ],
47 silly audit   'escape-string-regexp': [ '1.0.5', '4.0.0', '2.0.0' ],
47 silly audit   'has-flag': [ '3.0.0', '4.0.0' ],
47 silly audit   'char-regex': [ '1.0.2' ],
47 silly audit   cheerio: [ '1.0.0' ],
47 silly audit   'cheerio-select': [ '2.1.0' ],
47 silly audit   'child-process-promise': [ '2.2.1' ],
47 silly audit   chownr: [ '1.1.4' ],
47 silly audit   'ci-info': [ '3.9.0', '2.0.0' ],
47 silly audit   'cjs-module-lexer': [ '1.3.1' ],
47 silly audit   clamp: [ '1.0.1' ],
47 silly audit   'class-utils': [ '0.3.6' ],
47 silly audit   'is-descriptor': [ '0.1.7', '1.0.3' ],
47 silly audit   classnames: [ '2.5.1' ],
47 silly audit   'cli-cursor': [ '2.1.0', '3.1.0' ],
47 silly audit   'cli-progress': [ '3.12.0' ],
47 silly audit   'cli-spinners': [ '2.9.2' ],
47 silly audit   'cli-truncate': [ '3.1.0', '0.2.1', '2.1.0' ],
47 silly audit   cliui: [ '8.0.1', '6.0.0', '7.0.4' ],
47 silly audit   clone: [ '2.1.1', '1.0.4' ],
47 silly audit   'clone-deep': [ '4.0.1', '2.0.2' ],
47 silly audit   clsx: [ '2.1.1' ],
47 silly audit   co: [ '4.6.0' ],
47 silly audit   'code-point-at': [ '1.1.0' ],
47 silly audit   'collect-v8-coverage': [ '1.0.2' ],
47 silly audit   'collection-visit': [ '1.0.0' ],
47 silly audit   'color-string': [ '1.9.1' ],
47 silly audit   colord: [ '2.9.2' ],
47 silly audit   'combined-stream': [ '1.0.8' ],
47 silly audit   'command-exists': [ '1.2.9' ],
47 silly audit   commondir: [ '1.0.1' ],
47 silly audit   'component-emitter': [ '1.2.1' ],
47 silly audit   compressible: [ '2.0.18' ],
47 silly audit   compression: [ '1.7.4' ],
47 silly audit   bytes: [ '3.0.0' ],
47 silly audit   'safe-buffer': [ '5.1.2', '5.2.1' ],
47 silly audit   'concat-color-matrices': [ '1.0.0' ],
47 silly audit   'concat-map': [ '0.0.1' ],
47 silly audit   connect: [ '3.7.0' ],
47 silly audit   finalhandler: [ '1.1.2' ],
47 silly audit   'on-finished': [ '2.3.0', '2.4.1' ],
47 silly audit   statuses: [ '1.5.0', '2.0.1' ],
47 silly audit   'console-control-strings': [ '1.1.0' ],
47 silly audit   'copy-descriptor': [ '0.1.1' ],
47 silly audit   'core-js-compat': [ '3.38.0' ],
47 silly audit   'core-util-is': [ '1.0.3' ],
47 silly audit   'country-flag-icons': [ '1.5.13' ],
47 silly audit   'create-require': [ '1.1.1' ],
47 silly audit   'credit-card-type': [ '9.1.0' ],
47 silly audit   'cross-fetch': [ '3.1.8' ],
47 silly audit   'cross-inspect': [ '1.0.1' ],
47 silly audit   'lru-cache': [ '4.1.5', '5.1.1', '10.4.3' ],
47 silly audit   yallist: [ '2.1.2', '3.1.1' ],
47 silly audit   'css-in-js-utils': [ '3.1.0' ],
47 silly audit   'css-select': [ '5.1.0' ],
47 silly audit   'css-tree': [ '1.1.3', '2.2.1', '2.3.1' ],
47 silly audit   'css-what': [ '6.1.0' ],
47 silly audit   csso: [ '5.0.5' ],
47 silly audit   'mdn-data': [ '2.0.28', '2.0.14', '2.0.30' ],
47 silly audit   csstype: [ '3.1.3' ],
47 silly audit   dashify: [ '2.0.0' ],
47 silly audit   'data-view-buffer': [ '1.0.1' ],
47 silly audit   'data-view-byte-length': [ '1.0.1' ],
47 silly audit   'data-view-byte-offset': [ '1.0.0' ],
47 silly audit   'date-fns': [ '1.30.1' ],
47 silly audit   dayjs: [ '1.11.12' ],
47 silly audit   decamelize: [ '4.0.0', '1.2.0' ],
47 silly audit   'decode-uri-component': [ '0.2.2' ],
47 silly audit   'decompress-response': [ '6.0.0' ],
47 silly audit   dedent: [ '0.7.0' ],
47 silly audit   'deep-extend': [ '0.6.0' ],
47 silly audit   'deep-is': [ '0.1.4' ],
47 silly audit   defaults: [ '1.0.4' ],
47 silly audit   'define-data-property': [ '1.1.4' ],
47 silly audit   'define-lazy-prop': [ '2.0.0' ],
47 silly audit   'define-properties': [ '1.2.1' ],
47 silly audit   'delayed-stream': [ '1.0.0' ],
47 silly audit   delegates: [ '1.0.0' ],
47 silly audit   denodeify: [ '1.2.1' ],
47 silly audit   depd: [ '2.0.0' ],
47 silly audit   'dependency-tree': [ '8.1.2' ],
47 silly audit   typescript: [ '3.9.10', '4.7.4' ],
47 silly audit   'deprecated-react-native-prop-types': [ '4.2.3', '2.3.0' ],
47 silly audit   destroy: [ '1.2.0' ],
47 silly audit   'detect-libc': [ '2.0.3' ],
47 silly audit   'detect-newline': [ '3.1.0' ],
47 silly audit   'detective-amd': [ '3.1.2' ],
47 silly audit   'detective-cjs': [ '3.1.3' ],
47 silly audit   'detective-es6': [ '2.2.2' ],
47 silly audit   'detective-less': [ '1.0.2' ],
47 silly audit   'detective-postcss': [ '5.1.3', '4.0.0' ],
47 silly audit   'detective-sass': [ '3.0.2' ],
47 silly audit   'detective-scss': [ '2.0.2' ],
47 silly audit   'detective-stylus': [ '1.0.3' ],
47 silly audit   'detective-typescript': [ '7.0.2' ],
47 silly audit   detox: [ '20.25.5' ],
47 silly audit   diff: [ '4.0.2' ],
47 silly audit   dijkstrajs: [ '1.0.3' ],
47 silly audit   'dir-glob': [ '3.0.1' ],
47 silly audit   'discontinuous-range': [ '1.0.0' ],
47 silly audit   doctrine: [ '3.0.0', '2.1.0' ],
47 silly audit   'dom-helpers': [ '5.2.1' ],
47 silly audit   'dom-serializer': [ '2.0.0' ],
47 silly audit   domelementtype: [ '2.3.0' ],
47 silly audit   domhandler: [ '5.0.3' ],
47 silly audit   domutils: [ '3.1.0' ],
47 silly audit   'dot-case': [ '3.0.4' ],
47 silly audit   dset: [ '3.1.3' ],
47 silly audit   'dtrace-provider': [ '0.8.8' ],
47 silly audit   duplexer2: [ '0.1.4' ],
47 silly audit   eastasianwidth: [ '0.2.0' ],
47 silly audit   'easy-stack': [ '1.0.1' ],
47 silly audit   'ee-first': [ '1.1.1' ],
47 silly audit   ejs: [ '3.1.10' ],
47 silly audit   'electron-to-chromium': [ '1.5.11' ],
47 silly audit   'elegant-spinner': [ '1.0.1' ],
47 silly audit   'eme-encryption-scheme-polyfill': [ '2.1.5' ],
47 silly audit   emittery: [ '0.10.2' ],
47 silly audit   encodeurl: [ '1.0.2' ],
47 silly audit   'encoding-sniffer': [ '0.2.0' ],
47 silly audit   'iconv-lite': [ '0.6.3' ],
47 silly audit   'end-of-stream': [ '1.4.4' ],
47 silly audit   'enhanced-resolve': [ '5.17.1' ],
47 silly audit   entities: [ '4.5.0' ],
47 silly audit   envinfo: [ '7.13.0' ],
47 silly audit   enzyme: [ '3.11.0' ],
47 silly audit   'enzyme-shallow-equal': [ '1.0.7' ],
47 silly audit   'error-ex': [ '1.3.2' ],
47 silly audit   'error-stack-parser': [ '2.1.4' ],
47 silly audit   errorhandler: [ '1.5.1' ],
47 silly audit   'es-abstract': [ '1.23.3' ],
47 silly audit   'es-array-method-boxes-properly': [ '1.0.0' ],
47 silly audit   'es-define-property': [ '1.0.0' ],
47 silly audit   'es-errors': [ '1.3.0' ],
47 silly audit   'es-iterator-helpers': [ '1.0.19' ],
47 silly audit   'es-object-atoms': [ '1.0.0' ],
47 silly audit   'es-set-tostringtag': [ '2.0.3' ],
47 silly audit   'es-shim-unscopables': [ '1.0.2' ],
47 silly audit   'es-to-primitive': [ '1.2.1' ],
47 silly audit   'es6-template': [ '1.0.4' ],
47 silly audit   'es6-template-regex': [ '0.1.1' ],
47 silly audit   escalade: [ '3.1.2' ],
47 silly audit   'escape-html': [ '1.0.3' ],
47 silly audit   escodegen: [ '2.1.0' ],
47 silly audit   eslint: [ '8.19.0' ],
47 silly audit   'eslint-config-prettier': [ '8.10.0' ],
47 silly audit   'eslint-plugin-eslint-comments': [ '3.2.0' ],
47 silly audit   'eslint-plugin-flowtype': [ '8.0.3' ],
47 silly audit   'eslint-plugin-perfectionist': [ '1.5.1' ],
47 silly audit   'eslint-plugin-prettier': [ '4.2.1' ],
47 silly audit   'eslint-plugin-react': [ '7.35.0' ],
47 silly audit   'eslint-plugin-react-hooks': [ '4.6.2' ],
47 silly audit   'eslint-plugin-react-native': [ '3.11.0' ],
47 silly audit   'eslint-plugin-react-native-globals': [ '0.1.2' ],
47 silly audit   resolve: [ '2.0.0-next.5', '1.22.8' ],
47 silly audit   'eslint-scope': [ '5.1.1', '7.2.2' ],
47 silly audit   estraverse: [ '4.3.0', '5.3.0' ],
47 silly audit   'eslint-utils': [ '3.0.0' ],
47 silly audit   'shebang-command': [ '2.0.0', '1.2.0' ],
47 silly audit   'shebang-regex': [ '3.0.0', '1.0.0' ],
47 silly audit   which: [ '2.0.2', '1.3.1' ],
47 silly audit   espree: [ '9.6.1' ],
47 silly audit   esprima: [ '4.0.1' ],
47 silly audit   esquery: [ '1.6.0' ],
47 silly audit   esrecurse: [ '4.3.0' ],
47 silly audit   esutils: [ '2.0.3' ],
47 silly audit   etag: [ '1.8.1' ],
47 silly audit   'event-pubsub': [ '4.3.0' ],
47 silly audit   'event-target-shim': [ '5.0.1' ],
47 silly audit   exeunt: [ '1.1.0' ],
47 silly audit   exit: [ '0.1.2' ],
47 silly audit   'expand-brackets': [ '2.1.4' ],
47 silly audit   'expand-template': [ '2.0.3' ],
47 silly audit   'extend-shallow': [ '2.0.1', '3.0.2' ],
47 silly audit   extglob: [ '2.0.4' ],
47 silly audit   'fast-base64-decode': [ '1.0.0' ],
47 silly audit   'fast-deep-equal': [ '3.1.3' ],
47 silly audit   'fast-diff': [ '1.3.0' ],
47 silly audit   'fast-glob': [ '3.3.2' ],
47 silly audit   'glob-parent': [ '5.1.2', '6.0.2' ],
47 silly audit   'fast-json-stable-stringify': [ '2.1.0' ],
47 silly audit   'fast-levenshtein': [ '2.0.6' ],
47 silly audit   'fast-loops': [ '1.1.4' ],
47 silly audit   'fast-uri': [ '3.0.1' ],
47 silly audit   fastq: [ '1.17.1' ],
47 silly audit   'fb-watchman': [ '2.0.2' ],
47 silly audit   fbjs: [ '3.0.5' ],
47 silly audit   'fbjs-css-vars': [ '1.0.2' ],
47 silly audit   figures: [ '1.7.0', '2.0.0' ],
47 silly audit   'file-entry-cache': [ '6.0.1' ],
47 silly audit   filelist: [ '1.0.4' ],
47 silly audit   'filing-cabinet': [ '3.3.1' ],
47 silly audit   'fill-range': [ '7.1.1', '4.0.0' ],
47 silly audit   'filter-obj': [ '1.1.0' ],
47 silly audit   'find-babel-config': [ '2.1.1' ],
47 silly audit   'find-cache-dir': [ '2.1.0' ],
47 silly audit   'p-limit': [ '2.3.0', '3.1.0' ],
47 silly audit   'path-exists': [ '3.0.0', '4.0.0' ],
47 silly audit   'pkg-dir': [ '3.0.0', '4.2.0' ],
47 silly audit   'find-yarn-workspace-root': [ '2.0.0' ],
47 silly audit   flat: [ '5.0.2' ],
47 silly audit   'flat-cache': [ '3.2.0' ],
47 silly audit   flatted: [ '3.3.1' ],
47 silly audit   flatten: [ '1.0.3' ],
47 silly audit   'flow-parser': [ '0.121.0' ],
47 silly audit   'follow-redirects': [ '1.15.6' ],
47 silly audit   'for-each': [ '0.3.3' ],
47 silly audit   'for-in': [ '1.0.2', '0.1.8' ],
47 silly audit   'for-own': [ '1.0.0' ],
47 silly audit   'foreground-child': [ '3.3.0' ],
47 silly audit   'signal-exit': [ '4.1.0', '3.0.7' ],
47 silly audit   'form-data': [ '4.0.0' ],
47 silly audit   'fragment-cache': [ '0.2.1' ],
47 silly audit   fresh: [ '0.5.2' ],
47 silly audit   'fs-constants': [ '1.0.0' ],
47 silly audit   'fs.realpath': [ '1.0.0' ],
47 silly audit   fsevents: [ '2.3.3' ],
47 silly audit   'fsm-iterator': [ '1.1.0' ],
47 silly audit   'function-bind': [ '1.1.2' ],
47 silly audit   'function.prototype.name': [ '1.1.6' ],
47 silly audit   'functional-red-black-tree': [ '1.0.1' ],
47 silly audit   'functions-have-names': [ '1.2.3' ],
47 silly audit   funpermaproxy: [ '1.1.0' ],
47 silly audit   gauge: [ '2.7.4' ],
47 silly audit   gensync: [ '1.0.0-beta.2' ],
47 silly audit   'get-amd-module-type': [ '3.0.2' ],
47 silly audit   'get-caller-file': [ '2.0.5' ],
47 silly audit   'get-intrinsic': [ '1.2.4' ],
47 silly audit   'get-own-enumerable-property-symbols': [ '3.0.2' ],
47 silly audit   'get-package-type': [ '0.1.0' ],
47 silly audit   'get-params': [ '0.1.2' ],
47 silly audit   'get-symbol-description': [ '1.0.2' ],
47 silly audit   'get-value': [ '2.0.6' ],
47 silly audit   'github-from-package': [ '0.0.0' ],
47 silly audit   globalthis: [ '1.0.4' ],
47 silly audit   globby: [ '11.1.0' ],
47 silly audit   'gonzales-pe': [ '4.3.0' ],
47 silly audit   gopd: [ '1.0.1' ],
47 silly audit   'graceful-fs': [ '4.2.11' ],
47 silly audit   graphql: [ '16.9.0' ],
47 silly audit   'graphql-tag': [ '2.12.6' ],
47 silly audit   graphviz: [ '0.0.9' ],
47 silly audit   has: [ '1.0.4' ],
47 silly audit   'has-ansi': [ '2.0.0' ],
47 silly audit   'has-bigints': [ '1.0.2' ],
47 silly audit   'has-property-descriptors': [ '1.0.2' ],
47 silly audit   'has-proto': [ '1.0.3' ],
47 silly audit   'has-symbols': [ '1.0.3' ],
47 silly audit   'has-tostringtag': [ '1.0.2' ],
47 silly audit   'has-unicode': [ '2.0.1' ],
47 silly audit   'has-value': [ '1.0.0', '0.3.1' ],
47 silly audit   'has-values': [ '1.0.0', '0.1.4' ],
47 silly audit   'is-buffer': [ '1.1.6', '2.0.5' ],
47 silly audit   'is-number': [ '3.0.0', '7.0.0' ],
47 silly audit   'kind-of': [ '3.2.2', '4.0.0', '6.0.3', '5.1.0' ],
47 silly audit   hasown: [ '2.0.2' ],
47 silly audit   'hermes-engine': [ '0.11.0' ],
47 silly audit   'hermes-estree': [ '0.6.0' ],
47 silly audit   'hermes-parser': [ '0.6.0' ],
47 silly audit   'hermes-profile-transformer': [ '0.0.6' ],
47 silly audit   'hoist-non-react-statics': [ '3.3.2' ],
47 silly audit   'hosted-git-info': [ '2.8.9' ],
47 silly audit   'html-element-map': [ '1.3.1' ],
47 silly audit   'html-escaper': [ '2.0.2' ],
47 silly audit   'html-parse-stringify': [ '3.0.1' ],
47 silly audit   htmlparser2: [ '9.1.0' ],
47 silly audit   'http-errors': [ '2.0.0' ],
47 silly audit   'human-signals': [ '2.1.0', '3.0.1', '1.1.1' ],
47 silly audit   husky: [ '8.0.1' ],
47 silly audit   hyperlinker: [ '1.0.0' ],
47 silly audit   'hyphenate-style-name': [ '1.1.0' ],
47 silly audit   i18next: [ '21.9.1' ],
47 silly audit   ieee754: [ '1.2.1' ],
47 silly audit   ignore: [ '5.3.2' ],
47 silly audit   'image-size': [ '0.6.3' ],
47 silly audit   immer: [ '9.0.21' ],
47 silly audit   'import-local': [ '3.2.0' ],
47 silly audit   imurmurhash: [ '0.1.4' ],
47 silly audit   'indent-string': [ '4.0.0', '3.2.0' ],
47 silly audit   'indexes-of': [ '1.0.1' ],
47 silly audit   inflight: [ '1.0.6' ],
47 silly audit   inherits: [ '2.0.4' ],
47 silly audit   ini: [ '1.3.8' ],
47 silly audit   'inline-style-prefixer': [ '6.0.4' ],
47 silly audit   'input-format': [ '0.3.10' ],
47 silly audit   'internal-slot': [ '1.0.7' ],
47 silly audit   interpret: [ '1.4.0' ],
47 silly audit   'intl-messageformat': [ '10.5.14' ],
47 silly audit   invariant: [ '2.2.4' ],
47 silly audit   ip: [ '1.1.9' ],
47 silly audit   'is-accessor-descriptor': [ '1.0.1' ],
47 silly audit   'is-array-buffer': [ '3.0.4' ],
47 silly audit   'is-arrayish': [ '0.2.1', '0.3.2' ],
47 silly audit   'is-async-function': [ '2.0.0' ],
47 silly audit   'is-bigint': [ '1.0.4' ],
47 silly audit   'is-boolean-object': [ '1.1.2' ],
47 silly audit   'is-callable': [ '1.2.7' ],
47 silly audit   'is-core-module': [ '2.15.0' ],
47 silly audit   'is-data-descriptor': [ '1.0.1' ],
47 silly audit   'is-data-view': [ '1.0.1' ],
47 silly audit   'is-date-object': [ '1.0.5' ],
47 silly audit   'is-directory': [ '0.3.1' ],
47 silly audit   'is-docker': [ '2.2.1' ],
47 silly audit   'is-extendable': [ '0.1.1', '1.0.1' ],
47 silly audit   'is-extglob': [ '2.1.1' ],
47 silly audit   'is-finalizationregistry': [ '1.0.2' ],
47 silly audit   'is-generator-fn': [ '2.1.0' ],
47 silly audit   'is-generator-function': [ '1.0.10' ],
47 silly audit   'is-glob': [ '4.0.3' ],
47 silly audit   'is-interactive': [ '1.0.0' ],
47 silly audit   'is-map': [ '2.0.3' ],
47 silly audit   'is-negative-zero': [ '2.0.3' ],
47 silly audit   'is-number-object': [ '1.0.7' ],
47 silly audit   'is-obj': [ '1.0.1' ],
47 silly audit   'is-observable': [ '1.1.0' ],
47 silly audit   'symbol-observable': [ '1.2.0', '4.0.0' ],
47 silly audit   'is-plain-obj': [ '2.1.0' ],
47 silly audit   'is-plain-object': [ '2.0.4' ],
47 silly audit   'is-promise': [ '2.2.2' ],
47 silly audit   'is-regex': [ '1.1.4' ],
47 silly audit   'is-regexp': [ '1.0.0' ],
47 silly audit   'is-relative-path': [ '1.0.2' ],
47 silly audit   'is-set': [ '2.0.3' ],
47 silly audit   'is-shared-array-buffer': [ '1.0.3' ],
47 silly audit   'is-string': [ '1.0.7' ],
47 silly audit   'is-subset': [ '0.1.1' ],
47 silly audit   'is-symbol': [ '1.0.4' ],
47 silly audit   'is-typed-array': [ '1.1.13' ],
47 silly audit   'is-unicode-supported': [ '0.1.0' ],
47 silly audit   'is-url': [ '1.2.4' ],
47 silly audit   'is-url-superb': [ '4.0.0' ],
47 silly audit   'is-weakmap': [ '2.0.2' ],
47 silly audit   'is-weakref': [ '1.0.2' ],
47 silly audit   'is-weakset': [ '2.0.3' ],
47 silly audit   'is-windows': [ '1.0.2' ],
47 silly audit   isarray: [ '1.0.0', '2.0.5' ],
47 silly audit   isexe: [ '2.0.0' ],
47 silly audit   isobject: [ '3.0.1', '2.1.0' ],
47 silly audit   'istanbul-lib-coverage': [ '3.2.2' ],
47 silly audit   'istanbul-lib-instrument': [ '5.2.1' ],
47 silly audit   'istanbul-lib-report': [ '3.0.1' ],
47 silly audit   'istanbul-lib-source-maps': [ '4.0.1' ],
47 silly audit   'istanbul-reports': [ '3.1.7' ],
47 silly audit   'iterator.prototype': [ '1.1.2' ],
47 silly audit   jackspeak: [ '3.4.3' ],
47 silly audit   jake: [ '10.9.2' ],
47 silly audit   'javascript-natural-sort': [ '0.7.1' ],
47 silly audit   jest: [ '28.1.1' ],
47 silly audit   'jest-changed-files': [ '28.1.3' ],
47 silly audit   'jest-circus': [ '28.1.3' ],
47 silly audit   'jest-mock': [ '28.1.3', '29.7.0' ],
47 silly audit   'jest-cli': [ '28.1.3' ],
47 silly audit   'jest-config': [ '28.1.3' ],
47 silly audit   'jest-date-mock': [ '1.0.10' ],
47 silly audit   'jest-docblock': [ '28.1.1' ],
47 silly audit   'jest-each': [ '28.1.3' ],
47 silly audit   'jest-environment-emit': [ '1.0.8' ],
47 silly audit   'jest-environment-node': [ '28.1.3' ],
47 silly audit   'jest-haste-map': [ '28.1.3', '29.7.0', '27.5.1' ],
47 silly audit   'jest-html-reporters': [ '3.1.7' ],
47 silly audit   'jest-leak-detector': [ '28.1.3' ],
47 silly audit   'jest-pnp-resolver': [ '1.2.3' ],
47 silly audit   'jest-regex-util': [ '28.0.2', '29.6.3', '27.5.1' ],
47 silly audit   'jest-resolve': [ '28.1.3' ],
47 silly audit   'jest-resolve-dependencies': [ '28.1.3' ],
47 silly audit   'jest-runner': [ '28.1.3' ],
47 silly audit   'jest-runtime': [ '28.1.3' ],
47 silly audit   'jest-serializer': [ '27.5.1' ],
47 silly audit   'jest-worker': [ '29.7.0', '28.1.3', '27.5.1' ],
47 silly audit   'jest-validate': [ '28.1.3', '26.6.2' ],
47 silly audit   'jest-watcher': [ '28.1.3' ],
47 silly audit   jetifier: [ '1.6.8' ],
47 silly audit   joi: [ '17.13.3' ],
47 silly audit   'js-base64': [ '3.7.7' ],
47 silly audit   'js-message': [ '1.0.7' ],
47 silly audit   'js-queue': [ '2.0.2' ],
47 silly audit   'js-tokens': [ '4.0.0' ],
47 silly audit   jsan: [ '3.1.14' ],
47 silly audit   'jsc-android': [ '250230.2.1' ],
47 silly audit   'jsc-safe-url': [ '0.2.4' ],
47 silly audit   jscodeshift: [ '0.13.1' ],
47 silly audit   micromatch: [ '3.1.10', '4.0.7' ],
47 silly audit   rimraf: [ '2.6.3', '2.7.1', '2.2.8', '2.4.5', '3.0.2' ],
47 silly audit   temp: [ '0.8.4', '0.8.3', '0.4.0' ],
47 silly audit   'to-regex-range': [ '2.1.1', '5.0.1' ],
47 silly audit   'write-file-atomic': [ '2.4.3', '4.0.2' ],
47 silly audit   jsesc: [ '2.5.2', '0.5.0' ],
47 silly audit   'json-buffer': [ '3.0.1' ],
47 silly audit   'json-cycle': [ '1.5.0' ],
47 silly audit   'json-parse-better-errors': [ '1.0.2' ],
47 silly audit   'json-parse-even-better-errors': [ '2.3.1' ],
47 silly audit   'json-stable-stringify-without-jsonify': [ '1.0.1' ],
47 silly audit   json5: [ '2.2.3', '1.0.2' ],
47 silly audit   'jsx-ast-utils': [ '3.3.5' ],
47 silly audit   'jwt-decode': [ '3.1.2' ],
47 silly audit   keymirror: [ '0.1.1' ],
47 silly audit   keyv: [ '4.5.4' ],
47 silly audit   klaw: [ '1.3.1' ],
47 silly audit   'klaw-sync': [ '6.0.0' ],
47 silly audit   kleur: [ '3.0.3' ],
47 silly audit   'lazy-cache': [ '1.0.4' ],
47 silly audit   leven: [ '3.1.0' ],
47 silly audit   levn: [ '0.4.1' ],
47 silly audit   'libphonenumber-js': [ '1.11.7' ],
47 silly audit   lilconfig: [ '2.0.5' ],
47 silly audit   'lines-and-columns': [ '1.2.4' ],
47 silly audit   'linked-list': [ '0.1.0' ],
47 silly audit   'lint-staged': [ '13.0.3' ],
47 silly audit   'mimic-fn': [ '4.0.0', '2.1.0', '1.2.0' ],
47 silly audit   onetime: [ '6.0.0', '5.1.2', '2.0.1' ],
47 silly audit   'strip-final-newline': [ '3.0.0', '2.0.0' ],
47 silly audit   listr: [ '0.14.3' ],
47 silly audit   'listr-silent-renderer': [ '1.1.1' ],
47 silly audit   'listr-update-renderer': [ '0.5.0' ],
47 silly audit   'listr-verbose-renderer': [ '0.5.0' ],
47 silly audit   listr2: [ '4.0.5' ],
47 silly audit   'log-update': [ '4.0.0', '2.3.0' ],
47 silly audit   'p-map': [ '4.0.0', '2.1.0' ],
47 silly audit   'restore-cursor': [ '3.1.0', '2.0.0' ],
47 silly audit   rxjs: [ '7.8.1', '6.6.7' ],
47 silly audit   'load-json-file': [ '4.0.0' ],
47 silly audit   'strip-bom': [ '3.0.0', '4.0.0' ],
47 silly audit   lodash: [ '4.17.21' ],
47 silly audit   'lodash-es': [ '4.17.21' ],
47 silly audit   'lodash.clonedeep': [ '4.5.0' ],
47 silly audit   'lodash.debounce': [ '4.0.8' ],
47 silly audit   'lodash.escape': [ '4.0.1' ],
47 silly audit   'lodash.flattendeep': [ '4.4.0' ],
47 silly audit   'lodash.get': [ '4.4.2' ],
47 silly audit   'lodash.has': [ '4.5.2' ],
47 silly audit   'lodash.isempty': [ '4.4.0' ],
47 silly audit   'lodash.isequal': [ '4.5.0' ],
47 silly audit   'lodash.ismatch': [ '4.4.0' ],
47 silly audit   'lodash.isnil': [ '4.0.0' ],
47 silly audit   'lodash.isplainobject': [ '4.0.6' ],
47 silly audit   'lodash.memoize': [ '4.1.2' ],
47 silly audit   'lodash.merge': [ '4.6.2' ],
47 silly audit   'lodash.mergewith': [ '4.6.2' ],
47 silly audit   'lodash.omit': [ '4.5.0' ],
47 silly audit   'lodash.omitby': [ '4.6.0' ],
47 silly audit   'lodash.pick': [ '4.4.0' ],
47 silly audit   'lodash.throttle': [ '4.1.1' ],
47 silly audit   'lodash.uniqueid': [ '4.0.1' ],
47 silly audit   'log-symbols': [ '1.0.2', '4.1.0' ],
47 silly audit   logkitty: [ '0.7.1' ],
47 silly audit   y18n: [ '4.0.3', '5.0.8' ],
47 silly audit   yargs: [ '15.4.1', '16.2.0', '17.7.2' ],
47 silly audit   'yargs-parser': [ '18.1.3', '20.2.9', '21.1.1' ],
47 silly audit   'loose-envify': [ '1.4.0' ],
47 silly audit   'lottie-react-native': [ '6.7.2' ],
47 silly audit   'lower-case': [ '2.0.2' ],
47 silly audit   madge: [ '5.0.2' ],
47 silly audit   'make-error': [ '1.3.6' ],
47 silly audit   makeerror: [ '1.0.12' ],
47 silly audit   'map-cache': [ '0.2.2' ],
47 silly audit   'map-visit': [ '1.0.0' ],
47 silly audit   'memoize-one': [ '5.2.1' ],
47 silly audit   memorystream: [ '0.3.1' ],
47 silly audit   'merge-options': [ '3.0.4' ],
47 silly audit   'merge-stream': [ '2.0.0' ],
47 silly audit   merge2: [ '1.4.1' ],
47 silly audit   metro: [ '0.70.4' ],
47 silly audit   'metro-babel-transformer': [ '0.70.4', '0.70.3' ],
47 silly audit   'metro-cache': [ '0.70.4' ],
47 silly audit   'metro-cache-key': [ '0.70.4' ],
47 silly audit   'metro-config': [ '0.70.4' ],
47 silly audit   'metro-core': [ '0.70.4' ],
47 silly audit   'metro-hermes-compiler': [ '0.70.4' ],
47 silly audit   'metro-inspector-proxy': [ '0.70.4' ],
47 silly audit   'metro-minify-uglify': [ '0.70.4' ],
47 silly audit   'metro-resolver': [ '0.70.4' ],
47 silly audit   'metro-symbolicate': [ '0.70.3', '0.70.4' ],
47 silly audit   'metro-transform-plugins': [ '0.70.4' ],
47 silly audit   'metro-transform-worker': [ '0.70.4' ],
47 silly audit   'serialize-error': [ '2.1.0', '8.1.0' ],
47 silly audit   'mime-db': [ '1.52.0' ],
47 silly audit   'mime-types': [ '2.1.35' ],
47 silly audit   'mimic-response': [ '3.1.0' ],
47 silly audit   'min-indent': [ '1.0.1' ],
47 silly audit   minimist: [ '1.2.8' ],
47 silly audit   minipass: [ '4.2.8', '7.1.2' ],
47 silly audit   mitt: [ '3.0.1' ],
47 silly audit   'mixin-deep': [ '1.3.2' ],
47 silly audit   'mixin-object': [ '2.0.1' ],
47 silly audit   mkdirp: [ '0.5.6' ],
47 silly audit   'mkdirp-classic': [ '0.5.3' ],
47 silly audit   'mock-apollo-client': [ '1.3.1' ],
47 silly audit   'module-definition': [ '3.4.0' ],
47 silly audit   'module-lookup-amd': [ '7.0.1' ],
47 silly audit   moment: [ '2.30.1' ],
47 silly audit   moo: [ '0.5.2' ],
47 silly audit   mri: [ '1.2.0' ],
47 silly audit   'multi-sort-stream': [ '1.0.4' ],
47 silly audit   multipipe: [ '4.0.0' ],
47 silly audit   mv: [ '2.1.1' ],
47 silly audit   nan: [ '2.20.0' ],
47 silly audit   nanoclone: [ '0.2.1' ],
47 silly audit   nanoid: [ '3.3.7', '2.1.11' ],
47 silly audit   nanomatch: [ '1.2.13' ],
47 silly audit   'napi-build-utils': [ '1.0.2' ],
47 silly audit   'native-base': [ '3.4.28' ],
47 silly audit   'natural-compare': [ '1.4.0' ],
47 silly audit   'natural-compare-lite': [ '1.4.0' ],
47 silly audit   'natural-orderby': [ '2.0.3' ],
47 silly audit   ncp: [ '2.0.0' ],
47 silly audit   nearley: [ '2.20.1' ],
47 silly audit   negotiator: [ '0.6.3' ],
47 silly audit   'neo-async': [ '2.6.2' ],
47 silly audit   'nice-try': [ '1.0.5' ],
47 silly audit   'no-case': [ '3.0.4' ],
47 silly audit   nocache: [ '3.0.4' ],
47 silly audit   'node-abi': [ '3.65.0' ],
47 silly audit   'node-addon-api': [ '5.1.0' ],
47 silly audit   'node-dir': [ '0.1.17' ],
47 silly audit   'node-fetch': [ '2.7.0' ],
47 silly audit   'node-int64': [ '0.4.0' ],
47 silly audit   'node-ipc': [ '9.2.1' ],
47 silly audit   'node-releases': [ '2.0.18' ],
47 silly audit   'node-source-walk': [ '4.3.0' ],
47 silly audit   'node-stream-zip': [ '1.15.0' ],
47 silly audit   'node-version': [ '1.2.0' ],
47 silly audit   'normalize-package-data': [ '2.5.0' ],
47 silly audit   'normalize-path': [ '3.0.0' ],
47 silly audit   'npm-run-all': [ '4.1.5' ],
47 silly audit   pidtree: [ '0.3.1', '0.6.0' ],
47 silly audit   npmlog: [ '4.1.2' ],
47 silly audit   'nth-check': [ '2.1.1' ],
47 silly audit   nullthrows: [ '1.1.1' ],
47 silly audit   'number-is-nan': [ '1.0.1' ],
47 silly audit   'object-assign': [ '4.1.1' ],
47 silly audit   'object-copy': [ '0.1.0' ],
47 silly audit   'object-inspect': [ '1.13.2' ],
47 silly audit   'object-is': [ '1.1.6' ],
47 silly audit   'object-keys': [ '1.1.1' ],
47 silly audit   'object-treeify': [ '1.1.33' ],
47 silly audit   'object-visit': [ '1.0.1' ],
47 silly audit   'object.assign': [ '4.1.5' ],
47 silly audit   'object.entries': [ '1.1.8' ],
47 silly audit   'object.fromentries': [ '2.0.8' ],
47 silly audit   'object.pick': [ '1.3.0' ],
47 silly audit   'object.values': [ '1.2.0' ],
47 silly audit   'on-headers': [ '1.0.2' ],
47 silly audit   once: [ '1.4.0' ],
47 silly audit   'opencollective-postinstall': [ '2.0.3' ],
47 silly audit   optimism: [ '0.16.2' ],
47 silly audit   optionator: [ '0.9.4' ],
47 silly audit   ora: [ '5.4.1' ],
47 silly audit   'os-tmpdir': [ '1.0.2' ],
47 silly audit   'p-finally': [ '1.0.0' ],
47 silly audit   'p-try': [ '2.2.0' ],
47 silly audit   'package-json-from-dist': [ '1.0.0' ],
47 silly audit   'parent-module': [ '1.0.1' ],
47 silly audit   'parse-ms': [ '2.1.0' ],
47 silly audit   parse5: [ '7.1.2' ],
47 silly audit   'parse5-htmlparser2-tree-adapter': [ '7.0.0' ],
47 silly audit   'parse5-parser-stream': [ '7.1.2' ],
47 silly audit   parseurl: [ '1.3.3' ],
47 silly audit   pascalcase: [ '0.1.1' ],
47 silly audit   'password-prompt': [ '1.1.3' ],
47 silly audit   'patch-package': [ '7.0.2' ],
47 silly audit   slash: [ '2.0.0', '3.0.0' ],
47 silly audit   'path-is-absolute': [ '1.0.1' ],
47 silly audit   'path-parse': [ '1.0.7' ],
47 silly audit   'path-scurry': [ '1.11.1' ],
47 silly audit   'path-type': [ '4.0.0', '3.0.0' ],
47 silly audit   'paths-js': [ '0.4.11' ],
47 silly audit   'performance-now': [ '2.1.0' ],
47 silly audit   picocolors: [ '1.0.1' ],
47 silly audit   picomatch: [ '2.3.1', '3.0.1' ],
47 silly audit   pirates: [ '4.0.6' ],
47 silly audit   'pkg-up': [ '3.1.0' ],
47 silly audit   plist: [ '3.1.0' ],
47 silly audit   pluralize: [ '8.0.0' ],
47 silly audit   pngjs: [ '5.0.0' ],
47 silly audit   'pod-install': [ '0.1.38' ],
47 silly audit   'point-in-polygon': [ '1.1.0' ],
47 silly audit   'posix-character-classes': [ '0.1.1' ],
47 silly audit   'possible-typed-array-names': [ '1.0.0' ],
47 silly audit   postcss: [ '8.4.41' ],
47 silly audit   'postcss-values-parser': [ '5.0.0', '2.0.1' ],
47 silly audit   'prebuild-install': [ '7.1.2' ],
47 silly audit   precinct: [ '8.3.1' ],
47 silly audit   'prelude-ls': [ '1.2.1' ],
47 silly audit   'prettier-linter-helpers': [ '1.0.0' ],
47 silly audit   'pretty-ms': [ '7.0.1' ],
47 silly audit   'pretty-quick': [ '3.3.1' ],
47 silly audit   'process-nextick-args': [ '2.0.1' ],
47 silly audit   promise: [ '7.3.1', '8.3.0' ],
47 silly audit   'promise-polyfill': [ '6.1.0' ],
47 silly audit   prompts: [ '2.4.2' ],
47 silly audit   'prop-types': [ '15.8.1' ],
47 silly audit   'proper-lockfile': [ '3.2.0' ],
47 silly audit   'property-expr': [ '2.0.6' ],
47 silly audit   pseudomap: [ '1.0.2' ],
47 silly audit   pump: [ '3.0.0' ],
47 silly audit   punycode: [ '2.3.1' ],
47 silly audit   qrcode: [ '1.5.4' ],
47 silly audit   'query-string': [ '7.1.3' ],
47 silly audit   querystring: [ '0.2.1', '0.2.0' ],
47 silly audit   'queue-microtask': [ '1.2.3' ],
47 silly audit   'quote-unquote': [ '1.0.0' ],
47 silly audit   raf: [ '3.4.1' ],
47 silly audit   'railroad-diagrams': [ '1.0.0' ],
47 silly audit   randexp: [ '0.4.6' ],
47 silly audit   'range-parser': [ '1.2.1' ],
47 silly audit   rc: [ '1.2.8' ],
47 silly audit   'strip-json-comments': [ '2.0.1', '3.1.1' ],
47 silly audit   react: [ '18.2.0' ],
47 silly audit   'react-content-loader': [ '6.2.1' ],
47 silly audit   'react-devtools-core': [ '4.24.0' ],
47 silly audit   'react-error-boundary': [ '3.1.4' ],
47 silly audit   'react-freeze': [ '1.0.4' ],
47 silly audit   'react-hook-form': [ '7.27.1' ],
47 silly audit   'react-i18next': [ '11.18.4' ],
47 silly audit   'react-native': [ '0.69.7' ],
47 silly audit   'react-native-animatable': [ '1.3.3' ],
47 silly audit   'react-native-asset': [ '2.1.1' ],
47 silly audit   'react-native-background-timer': [ '2.4.1' ],
47 silly audit   'react-native-biometrics': [ '3.0.1' ],
47 silly audit   'react-native-blob-util': [ '0.19.11' ],
47 silly audit   'react-native-chart-kit': [ '6.12.0' ],
47 silly audit   'react-native-codegen': [ '0.69.2' ],
47 silly audit   'react-native-color-matrix-image-filters': [ '6.0.9' ],
47 silly audit   'react-native-config': [ '1.5.3' ],
47 silly audit   'react-native-confirmation-code-field': [ '7.4.0' ],
47 silly audit   'react-native-contacts': [ '7.0.8' ],
47 silly audit   'react-native-country-flag': [ '2.0.2' ],
47 silly audit   'react-native-crypto-js': [ '1.0.0' ],
47 silly audit   'react-native-debugger-open': [ '0.3.25' ],
47 silly audit   'react-native-device-info': [ '10.14.0' ],
47 silly audit   'react-native-document-picker': [ '8.1.2' ],
47 silly audit   'react-native-encrypted-storage': [ '4.0.3' ],
47 silly audit   'react-native-fast-image': [ '8.6.3' ],
47 silly audit   'react-native-flipper': [ '0.164.0' ],
47 silly audit   'react-native-fs': [ '2.20.0' ],
47 silly audit   'react-native-geolocation-service': [ '5.3.1' ],
47 silly audit   'react-native-gesture-handler': [ '2.5.0' ],
47 silly audit   'react-native-get-location': [ '4.0.1' ],
47 silly audit   'react-native-get-random-values': [ '1.11.0' ],
47 silly audit   'react-native-google-places-autocomplete': [ '2.5.1' ],
47 silly audit   qs: [ '6.9.7' ],
47 silly audit   'react-native-gradle-plugin': [ '0.0.7' ],
47 silly audit   'react-native-image-crop-picker': [ '0.38.1' ],
47 silly audit   'react-native-image-picker': [ '5.6.1' ],
47 silly audit   'react-native-image-size': [ '1.1.6' ],
47 silly audit   'react-native-indicators': [ '0.17.0' ],
47 silly audit   'react-native-keychain': [ '8.0.0' ],
47 silly audit   'react-native-linear-gradient': [ '2.8.3' ],
47 silly audit   'react-native-localize': [ '2.2.3' ],
47 silly audit   'react-native-maps': [ '1.7.1' ],
47 silly audit   'react-native-modal': [ '13.0.1' ],
47 silly audit   'react-native-modal-dropdown': [ '1.0.2' ],
47 silly audit   'react-native-network-logger': [ '1.16.1' ],
47 silly audit   'react-native-pager-view': [ '6.3.4' ],
47 silly audit   'react-native-permissions': [ '3.10.1' ],
47 silly audit   'react-native-qrcode-svg': [ '6.3.2' ],
47 silly audit   'react-native-ratings': [ '8.1.0' ],
47 silly audit   'react-native-reanimated': [ '3.7.1' ],
47 silly audit   'react-native-reanimated-carousel': [ '3.5.1' ],
47 silly audit   'react-native-restart': [ '0.0.24' ],
47 silly audit   'react-native-safe-area-context': [ '4.3.1' ],
47 silly audit   'react-native-screens': [ '3.27.0' ],
47 silly audit   'react-native-shadow-2': [ '7.1.0' ],
47 silly audit   'react-native-shake': [ '5.3.2' ],
47 silly audit   'react-native-size-matters': [ '0.4.2' ],
47 silly audit   'react-native-skeleton-component': [ '1.0.0' ],
47 silly audit   'react-native-sms-retriever': [ '1.1.1' ],
47 silly audit   'react-native-splash-screen': [ '3.3.0' ],
47 silly audit   'react-native-svg': [ '12.5.1' ],
47 silly audit   'react-native-tab-view': [ '3.5.2' ],
47 silly audit   'use-latest-callback': [ '0.1.11', '0.2.1' ],
47 silly audit   'react-native-text-input-mask': [ '3.2.0' ],
47 silly audit   'react-native-url-polyfill': [ '2.0.0' ],
47 silly audit   'react-native-vector-icons': [ '9.2.0' ],
47 silly audit   'react-native-video': [ '5.2.1' ],
47 silly audit   'react-native-webview': [ '11.25.1' ],
47 silly audit   ws: [ '6.2.3', '7.5.10' ],
47 silly audit   'react-phone-number-input': [ '3.4.5' ],
47 silly audit   'react-redux': [ '8.0.2' ],
47 silly audit   'react-refresh': [ '0.4.3' ],
47 silly audit   'react-shallow-renderer': [ '16.15.0' ],
47 silly audit   'react-test-renderer': [ '18.2.0' ],
47 silly audit   scheduler: [ '0.23.2', '0.21.0' ],
47 silly audit   'reactotron-core-client': [ '2.9.3' ],
47 silly audit   'reactotron-core-contract': [ '0.2.3' ],
47 silly audit   'reactotron-react-native': [ '5.1.7' ],
47 silly audit   'read-pkg': [ '3.0.0' ],
47 silly audit   readline: [ '1.3.0' ],
47 silly audit   recast: [ '0.20.5' ],
47 silly audit   rechoir: [ '0.6.2' ],
47 silly audit   recyclerlistview: [ '4.2.0' ],
47 silly audit   redent: [ '3.0.0' ],
47 silly audit   redeyed: [ '2.1.1' ],
47 silly audit   redux: [ '4.2.1' ],
47 silly audit   'redux-devtools-core': [ '0.2.1' ],
47 silly audit   'redux-devtools-instrument': [ '1.10.0' ],
47 silly audit   'redux-mock-store': [ '1.5.4' ],
47 silly audit   'redux-persist': [ '6.0.0' ],
47 silly audit   'redux-persist-encrypted-storage': [ '1.1.1' ],
47 silly audit   'redux-saga': [ '1.2.0' ],
47 silly audit   'redux-saga-test-plan': [ '4.0.6' ],
47 silly audit   'redux-thunk': [ '2.4.2' ],
47 silly audit   'reflect.getprototypeof': [ '1.0.6' ],
47 silly audit   regenerate: [ '1.4.2' ],
47 silly audit   'regenerate-unicode-properties': [ '10.1.1' ],
47 silly audit   'regenerator-runtime': [ '0.13.11' ],
47 silly audit   'regenerator-transform': [ '0.15.2' ],
47 silly audit   'regex-not': [ '1.0.2' ],
47 silly audit   'regexp.prototype.flags': [ '1.5.2' ],
47 silly audit   regexpp: [ '3.2.0' ],
47 silly audit   'regexpu-core': [ '5.3.2' ],
47 silly audit   regjsparser: [ '0.9.1' ],
47 silly audit   'remote-redux-devtools': [ '0.5.16' ],
47 silly audit   'remotedev-serialize': [ '0.1.9' ],
47 silly audit   'repeat-element': [ '1.1.4' ],
47 silly audit   'repeat-string': [ '1.6.1' ],
47 silly audit   'require-directory': [ '2.1.1' ],
47 silly audit   'require-from-string': [ '2.0.2' ],
47 silly audit   'require-main-filename': [ '2.0.0' ],
47 silly audit   requirejs: [ '2.3.7' ],
47 silly audit   'requirejs-config-file': [ '4.0.0' ],
47 silly audit   reselect: [ '4.1.8' ],
47 silly audit   'resolve-cwd': [ '3.0.0' ],
47 silly audit   'resolve-dependency-path': [ '2.0.0' ],
47 silly audit   'resolve-url': [ '0.2.1' ],
47 silly audit   'resolve.exports': [ '1.1.1' ],
47 silly audit   ret: [ '0.1.15' ],
47 silly audit   retry: [ '0.12.0' ],
47 silly audit   reusify: [ '1.0.4' ],
47 silly audit   rfdc: [ '1.4.1' ],
47 silly audit   'rn-color-matrices': [ '4.1.0' ],
47 silly audit   'rn-host-detect': [ '1.2.0' ],
47 silly audit   'rst-selector-parser': [ '2.2.3' ],
47 silly audit   'run-parallel': [ '1.2.0' ],
47 silly audit   'safe-array-concat': [ '1.1.2' ],
47 silly audit   'safe-json-stringify': [ '1.2.0' ],
47 silly audit   'safe-regex': [ '1.1.0' ],
47 silly audit   'safe-regex-test': [ '1.0.3' ],
47 silly audit   'safer-buffer': [ '2.1.2' ],
47 silly audit   'sanitize-filename': [ '1.6.3' ],
47 silly audit   'sass-lookup': [ '3.0.0' ],
47 silly audit   'sc-channel': [ '1.2.0' ],
47 silly audit   'sc-errors': [ '2.0.3' ],
47 silly audit   'sc-formatter': [ '3.0.3' ],
47 silly audit   send: [ '0.18.0' ],
47 silly audit   'serve-static': [ '1.15.0' ],
47 silly audit   'set-blocking': [ '2.0.0' ],
47 silly audit   'set-function-length': [ '1.2.2' ],
47 silly audit   'set-function-name': [ '2.0.2' ],
47 silly audit   'set-value': [ '2.0.1' ],
47 silly audit   setimmediate: [ '1.0.5' ],
47 silly audit   setprototypeof: [ '1.2.0' ],
47 silly audit   'sha1-file': [ '1.0.4' ],
47 silly audit   'shaka-player': [ '2.5.23' ],
47 silly audit   'shallow-clone': [ '3.0.1', '1.0.0' ],
47 silly audit   sharp: [ '0.30.7' ],
47 silly audit   'shell-quote': [ '1.8.1' ],
47 silly audit   shelljs: [ '0.8.5' ],
47 silly audit   shx: [ '0.3.4' ],
47 silly audit   'side-channel': [ '1.0.6' ],
47 silly audit   'simple-concat': [ '1.0.1' ],
47 silly audit   'simple-get': [ '4.0.1' ],
47 silly audit   'simple-plist': [ '1.3.1' ],
47 silly audit   'simple-swizzle': [ '0.2.2' ],
47 silly audit   sisteransi: [ '1.0.5' ],
47 silly audit   sliced: [ '1.0.1' ],
47 silly audit   'snake-case': [ '3.0.4' ],
47 silly audit   snapdragon: [ '0.8.2' ],
47 silly audit   'snapdragon-node': [ '2.1.1' ],
47 silly audit   'snapdragon-util': [ '3.0.1' ],
47 silly audit   'socketcluster-client': [ '14.3.2' ],
47 silly audit   uuid: [ '3.2.1', '3.4.0', '9.0.1' ],
47 silly audit   'source-map-js': [ '1.2.0' ],
47 silly audit   'source-map-resolve': [ '0.5.3' ],
47 silly audit   'source-map-url': [ '0.4.1' ],
47 silly audit   'spdx-correct': [ '3.2.0' ],
47 silly audit   'spdx-exceptions': [ '2.5.0' ],
47 silly audit   'spdx-expression-parse': [ '3.0.1' ],
47 silly audit   'spdx-license-ids': [ '3.0.18' ],
47 silly audit   'split-on-first': [ '1.1.0' ],
47 silly audit   'split-string': [ '3.1.0' ],
47 silly audit   'sprintf-js': [ '1.0.3' ],
47 silly audit   'stable-hash': [ '0.0.2' ],
47 silly audit   'stack-utils': [ '2.0.6' ],
47 silly audit   stackframe: [ '1.3.4' ],
47 silly audit   'stacktrace-parser': [ '0.1.10' ],
47 silly audit   'static-extend': [ '0.1.2' ],
47 silly audit   'stream-buffers': [ '2.2.0' ],
47 silly audit   'stream-chain': [ '2.2.5' ],
47 silly audit   'stream-json': [ '1.8.0' ],
47 silly audit   'strict-uri-encode': [ '2.0.0' ],
47 silly audit   string_decoder: [ '1.1.1' ],
47 silly audit   'string-argv': [ '0.3.2' ],
47 silly audit   'string-length': [ '4.0.2' ],
47 silly audit   'string-natural-compare': [ '3.0.1' ],
47 silly audit   'string.prototype.matchall': [ '4.0.11' ],
47 silly audit   'string.prototype.padend': [ '3.1.6' ],
47 silly audit   'string.prototype.repeat': [ '1.0.0' ],
47 silly audit   'string.prototype.trim': [ '1.2.9' ],
47 silly audit   'string.prototype.trimend': [ '1.0.8' ],
47 silly audit   'string.prototype.trimstart': [ '1.0.8' ],
47 silly audit   'stringify-object': [ '3.3.0' ],
47 silly audit   'strip-eof': [ '1.0.0' ],
47 silly audit   'strip-indent': [ '3.0.0' ],
47 silly audit   'stylus-lookup': [ '3.0.2' ],
47 silly audit   'sudo-prompt': [ '9.2.1' ],
47 silly audit   superstruct: [ '0.6.2' ],
47 silly audit   'supports-hyperlinks': [ '2.3.0' ],
47 silly audit   'supports-preserve-symlinks-flag': [ '1.0.0' ],
47 silly audit   'svg-parser': [ '2.0.4' ],
47 silly audit   svgo: [ '3.3.2' ],
47 silly audit   tapable: [ '2.2.1' ],
47 silly audit   'tar-fs': [ '2.1.1' ],
47 silly audit   'tar-stream': [ '2.2.0' ],
47 silly audit   'telnet-client': [ '1.2.8' ],
47 silly audit   'temp-dir': [ '1.0.0' ],
47 silly audit   tempfile: [ '2.0.0' ],
47 silly audit   'terminal-link': [ '2.1.1' ],
47 silly audit   'test-exclude': [ '6.0.0' ],
47 silly audit   'text-encoding': [ '0.7.0' ],
47 silly audit   'text-table': [ '0.2.0' ],
47 silly audit   throat: [ '5.0.0' ],
47 silly audit   through: [ '2.3.8' ],
47 silly audit   through2: [ '2.0.5' ],
47 silly audit   tinycolor2: [ '1.6.0' ],
47 silly audit   tmp: [ '0.0.33' ],
47 silly audit   tmpl: [ '1.0.5' ],
47 silly audit   'to-fast-properties': [ '2.0.0' ],
47 silly audit   'to-object-path': [ '0.3.0' ],
47 silly audit   'to-regex': [ '3.0.2' ],
47 silly audit   toidentifier: [ '1.0.1' ],
47 silly audit   toposort: [ '2.0.2' ],
47 silly audit   tr46: [ '0.0.3' ],
47 silly audit   'trace-event-lib': [ '1.4.1' ],
47 silly audit   'truncate-utf8-bytes': [ '1.0.2' ],
47 silly audit   'ts-invariant': [ '0.10.3' ],
47 silly audit   'ts-jest': [ '28.0.7' ],
47 silly audit   'ts-node': [ '10.9.2' ],
47 silly audit   'ts-object-utils': [ '0.0.5' ],
47 silly audit   'ts-tiny-invariant': [ '2.0.5' ],
47 silly audit   'tsconfig-paths': [ '3.15.0' ],
47 silly audit   tsutils: [ '3.21.0' ],
47 silly audit   'tunnel-agent': [ '0.6.0' ],
47 silly audit   'type-check': [ '0.4.0' ],
47 silly audit   'type-detect': [ '4.0.8' ],
47 silly audit   'typed-array-buffer': [ '1.0.2' ],
47 silly audit   'typed-array-byte-length': [ '1.0.1' ],
47 silly audit   'typed-array-byte-offset': [ '1.0.2' ],
47 silly audit   'typed-array-length': [ '1.0.6' ],
47 silly audit   'typescript-compare': [ '0.0.2' ],
47 silly audit   'typescript-logic': [ '0.0.0' ],
47 silly audit   'typescript-tuple': [ '2.2.1' ],
47 silly audit   'ua-parser-js': [ '1.0.38' ],
47 silly audit   'uglify-es': [ '3.3.9' ],
47 silly audit   'unbox-primitive': [ '1.0.2' ],
47 silly audit   undici: [ '6.19.7' ],
47 silly audit   'unicode-canonical-property-names-ecmascript': [ '2.0.0' ],
47 silly audit   'unicode-match-property-ecmascript': [ '2.0.0' ],
47 silly audit   'unicode-match-property-value-ecmascript': [ '2.1.0' ],
47 silly audit   'unicode-property-aliases-ecmascript': [ '2.1.0' ],
47 silly audit   'union-value': [ '1.0.1' ],
47 silly audit   uniq: [ '1.0.1' ],
47 silly audit   unpipe: [ '1.0.0' ],
47 silly audit   'unset-value': [ '1.0.0' ],
47 silly audit   'update-browserslist-db': [ '1.1.0' ],
47 silly audit   'uri-js': [ '4.4.1' ],
47 silly audit   urix: [ '0.1.0' ],
47 silly audit   use: [ '3.1.1' ],
47 silly audit   'use-sync-external-store': [ '1.2.2' ],
47 silly audit   utf8: [ '3.0.0' ],
47 silly audit   'utf8-byte-length': [ '1.0.5' ],
47 silly audit   'util-deprecate': [ '1.0.2' ],
47 silly audit   'utils-merge': [ '1.0.1' ],
47 silly audit   'v8-compile-cache': [ '2.4.0' ],
47 silly audit   'v8-compile-cache-lib': [ '3.0.1' ],
47 silly audit   'v8-to-istanbul': [ '9.3.0' ],
47 silly audit   'validate-npm-package-license': [ '3.0.4' ],
47 silly audit   'value-or-promise': [ '1.0.12' ],
47 silly audit   vary: [ '1.1.2' ],
47 silly audit   vlq: [ '1.0.1' ],
47 silly audit   'void-elements': [ '3.1.0' ],
47 silly audit   walkdir: [ '0.4.1' ],
47 silly audit   walker: [ '1.0.8' ],
47 silly audit   'warn-once': [ '0.1.1' ],
47 silly audit   wcwidth: [ '1.0.1' ],
47 silly audit   'webidl-conversions': [ '3.0.1', '5.0.0' ],
47 silly audit   'whatwg-encoding': [ '3.1.1' ],
47 silly audit   'whatwg-fetch': [ '3.6.20' ],
47 silly audit   'whatwg-mimetype': [ '4.0.0' ],
47 silly audit   'whatwg-url': [ '5.0.0' ],
47 silly audit   'whatwg-url-without-unicode': [ '8.0.0-3' ],
47 silly audit   'which-boxed-primitive': [ '1.0.2' ],
47 silly audit   'which-builtin-type': [ '1.1.4' ],
47 silly audit   'which-collection': [ '1.0.2' ],
47 silly audit   'which-module': [ '2.0.1' ],
47 silly audit   'which-typed-array': [ '1.1.15' ],
47 silly audit   'wide-align': [ '1.1.5' ],
47 silly audit   'widest-line': [ '3.1.0' ],
47 silly audit   'word-wrap': [ '1.2.5' ],
47 silly audit   wordwrap: [ '1.0.0' ],
47 silly audit   wrappy: [ '1.0.2' ],
47 silly audit   xcode: [ '2.1.0' ],
47 silly audit   xmlbuilder: [ '15.1.1' ],
47 silly audit   xtend: [ '4.0.2' ],
47 silly audit   yaml: [ '2.5.0' ],
47 silly audit   'yargs-unparser': [ '2.0.0' ],
47 silly audit   yn: [ '3.1.1' ],
47 silly audit   'yocto-queue': [ '0.1.0' ],
47 silly audit   yup: [ '0.32.11' ],
47 silly audit   'zen-observable': [ '0.8.15' ],
47 silly audit   'zen-observable-ts': [ '1.2.5' ]
47 silly audit }
48 verbose reify failed optional dependency /root/node_modules/fsevents
49 silly reify mark deleted [ '/root/node_modules/fsevents' ]
50 timing reifyNode:node_modules/fsevents Completed in 23ms
51 timing reify:unpack Completed in 23ms
52 timing reify:unretire Completed in 0ms
53 timing build:queue Completed in 1ms
54 timing build:deps Completed in 2ms
55 timing build Completed in 2ms
56 timing reify:build Completed in 3ms
57 timing reify:trash Completed in 1ms
58 timing reify:save Completed in 227ms
59 http fetch POST 200 https://registry.npmjs.org/-/npm/v1/security/advisories/bulk 903ms
60 timing auditReport:getReport Completed in 916ms
61 silly audit report {
61 silly audit report   '@babel/traverse': [
61 silly audit report     {
61 silly audit report       id: 1096886,
61 silly audit report       url: 'https://github.com/advisories/GHSA-67hx-6x53-jw92',
61 silly audit report       title: 'Babel vulnerable to arbitrary code execution when compiling specifically crafted malicious code',
61 silly audit report       severity: 'critical',
61 silly audit report       vulnerable_versions: '<7.23.2',
61 silly audit report       cwe: [Array],
61 silly audit report       cvss: [Object]
61 silly audit report     }
61 silly audit report   ],
61 silly audit report   axios: [
61 silly audit report     {
61 silly audit report       id: 1097679,
61 silly audit report       url: 'https://github.com/advisories/GHSA-wf5p-g6vw-rhxx',
61 silly audit report       title: 'Axios Cross-Site Request Forgery Vulnerability',
61 silly audit report       severity: 'moderate',
61 silly audit report       vulnerable_versions: '>=0.8.1 <0.28.0',
61 silly audit report       cwe: [Array],
61 silly audit report       cvss: [Object]
61 silly audit report     }
61 silly audit report   ],
61 silly audit report   braces: [
61 silly audit report     {
61 silly audit report       id: 1098094,
61 silly audit report       url: 'https://github.com/advisories/GHSA-grv7-fg5c-xmjg',
61 silly audit report       title: 'Uncontrolled resource consumption in braces',
61 silly audit report       severity: 'high',
61 silly audit report       vulnerable_versions: '<3.0.3',
61 silly audit report       cwe: [Array],
61 silly audit report       cvss: [Object]
61 silly audit report     }
61 silly audit report   ],
61 silly audit report   ip: [
61 silly audit report     {
61 silly audit report       id: 1097346,
61 silly audit report       url: 'https://github.com/advisories/GHSA-2p57-rm9w-gvfp',
61 silly audit report       title: 'ip SSRF improper categorization in isPublic',
61 silly audit report       severity: 'high',
61 silly audit report       vulnerable_versions: '<=2.0.1',
61 silly audit report       cwe: [Array],
61 silly audit report       cvss: [Object]
61 silly audit report     }
61 silly audit report   ],
61 silly audit report   'lodash.pick': [
61 silly audit report     {
61 silly audit report       id: 1096303,
61 silly audit report       url: 'https://github.com/advisories/GHSA-p6mc-m468-83gw',
61 silly audit report       title: 'Prototype Pollution in lodash',
61 silly audit report       severity: 'high',
61 silly audit report       vulnerable_versions: '>=4.0.0 <=4.4.0',
61 silly audit report       cwe: [Array],
61 silly audit report       cvss: [Object]
61 silly audit report     }
61 silly audit report   ],
61 silly audit report   'react-devtools-core': [
61 silly audit report     {
61 silly audit report       id: 1094647,
61 silly audit report       url: 'https://github.com/advisories/GHSA-rxrc-rgv4-jpvx',
61 silly audit report       title: 'React Developer Tools extension Improper Authorization vulnerability',
61 silly audit report       severity: 'moderate',
61 silly audit report       vulnerable_versions: '<4.28.4',
61 silly audit report       cwe: [Array],
61 silly audit report       cvss: [Object]
61 silly audit report     }
61 silly audit report   ],
61 silly audit report   'react-native-document-picker': [
61 silly audit report     {
61 silly audit report       id: 1096523,
61 silly audit report       url: 'https://github.com/advisories/GHSA-pmgm-h3cc-m4hj',
61 silly audit report       title: 'React Native Document Picker Directory Traversal vulnerability',
61 silly audit report       severity: 'moderate',
61 silly audit report       vulnerable_versions: '<8.2.2',
61 silly audit report       cwe: [],
61 silly audit report       cvss: [Object]
61 silly audit report     }
61 silly audit report   ],
61 silly audit report   sharp: [
61 silly audit report     {
61 silly audit report       id: 1094888,
61 silly audit report       url: 'https://github.com/advisories/GHSA-54xq-cgqr-rpm3',
61 silly audit report       title: 'sharp vulnerability in libwebp dependency CVE-2023-4863',
61 silly audit report       severity: 'high',
61 silly audit report       vulnerable_versions: '<0.32.6',
61 silly audit report       cwe: [],
61 silly audit report       cvss: [Object]
61 silly audit report     }
61 silly audit report   ]
61 silly audit report }
62 timing metavuln:cache:get:security-advisory:braces:JiXBFkEDkUnBQLw3PO6emUmmm2JXqgEbh+FhB3SNDS8k6Z0wM20irrfaOjjxYuMxZaKaDudvR037mtEoeqZzXw== Completed in 25ms
63 timing metavuln:cache:get:security-advisory:@babel/traverse:fh8hTevxKxxB/TjPLuIqX0xLWISD9TTk1zuqINuUa51u0luhTDHL+nc9unv55+ZUTUbbXP13tqvYywrH1nLIwg== Completed in 29ms
64 timing metavuln:cache:get:security-advisory:react-native-document-picker:lf8ArA6alP+Sofk5g4JeC4n+IUsP5TcLHgUPtmhVyhucUlYYtAe3cUSxQObKk1obYBNsWOzMdlUWvoSkVSGimA== Completed in 22ms
65 timing metavuln:cache:get:security-advisory:lodash.pick:ZDS7dxWkEQDYyt3Ydh1ZFWzhfG5TaXThTm/KB9kMWa5UdlPy3CdyKGdSN5o+9i5yT1Ki8tPzwf+FSSH4rAmoQQ== Completed in 24ms
66 timing metavuln:cache:get:security-advisory:axios:Oi6B9AucyObhJnAMQYb3eyigkQbiqrclLJ09eDn16DgUHYfFa+9WQjxUGArwnF1cWOy0gbdKMrAbkp8xW8Fwkg== Completed in 26ms
67 timing metavuln:cache:get:security-advisory:sharp:WMi/VGOiVsZ1LVY4z/g1FhnSXMsU0zpIl5aWN6O1GOrsiUoslku4b+Gy9sm37KGtGAyg2KEXKyrCmSKwD9F/iw== Completed in 22ms
68 timing metavuln:cache:get:security-advisory:react-devtools-core:oOe6W4jDSqJwbEtm6xk2n65D6NO7eKtDrCIEmQ3Y8oaB2UbjlYnGLIfrDAjxK/YLp/5vHRk0c6EHnR0dS1MZvw== Completed in 23ms
69 timing metavuln:cache:get:security-advisory:ip:PkoqnAOsihoHuR3Fk5c0mRFtnSsUI5BU8nrxHUr93qnnimkRh/gSLq0v3US3+taG3o41fEv3+6ICgO+/cag93Q== Completed in 26ms
70 http fetch GET 200 https://registry.npmjs.org/@babel%2ftraverse 101ms (cache revalidated)
71 timing metavuln:packument:@babel/traverse Completed in 104ms
72 timing metavuln:load:security-advisory:@babel/traverse:1096886 Completed in 2ms
73 timing metavuln:calculate:security-advisory:@babel/traverse:1096886 Completed in 108ms
74 http fetch GET 200 https://registry.npmjs.org/braces 111ms (cache revalidated)
75 timing metavuln:packument:braces Completed in 112ms
76 timing metavuln:load:security-advisory:braces:1098094 Completed in 0ms
77 timing metavuln:calculate:security-advisory:braces:1098094 Completed in 112ms
78 http fetch GET 200 https://registry.npmjs.org/react-devtools-core 257ms (cache revalidated)
79 timing metavuln:packument:react-devtools-core Completed in 257ms
80 timing metavuln:load:security-advisory:react-devtools-core:1094647 Completed in 1ms
81 timing metavuln:calculate:security-advisory:react-devtools-core:1094647 Completed in 259ms
82 http fetch GET 200 https://registry.npmjs.org/lodash.pick 260ms (cache revalidated)
83 timing metavuln:packument:lodash.pick Completed in 260ms
84 timing metavuln:load:security-advisory:lodash.pick:1096303 Completed in 0ms
85 timing metavuln:calculate:security-advisory:lodash.pick:1096303 Completed in 261ms
86 http fetch GET 200 https://registry.npmjs.org/ip 1493ms (cache revalidated)
87 timing metavuln:packument:ip Completed in 1494ms
88 timing metavuln:load:security-advisory:ip:1097346 Completed in 0ms
89 timing metavuln:calculate:security-advisory:ip:1097346 Completed in 1495ms
90 http fetch GET 200 https://registry.npmjs.org/axios 1496ms (cache revalidated)
91 timing metavuln:packument:axios Completed in 1502ms
92 timing metavuln:load:security-advisory:axios:1097679 Completed in 0ms
93 timing metavuln:calculate:security-advisory:axios:1097679 Completed in 1502ms
94 http fetch GET 200 https://registry.npmjs.org/react-native-document-picker 1500ms (cache revalidated)
95 timing metavuln:packument:react-native-document-picker Completed in 1502ms
96 timing metavuln:load:security-advisory:react-native-document-picker:1096523 Completed in 1ms
97 timing metavuln:calculate:security-advisory:react-native-document-picker:1096523 Completed in 1503ms
98 http fetch GET 200 https://registry.npmjs.org/sharp 1507ms (cache revalidated)
99 timing metavuln:packument:sharp Completed in 1511ms
100 timing metavuln:load:security-advisory:sharp:1094888 Completed in 1ms
101 timing metavuln:calculate:security-advisory:sharp:1094888 Completed in 1512ms
102 timing metavuln:cache:get:security-advisory:@trivago/prettier-plugin-sort-imports:SElIGJtU80A4hMkC713UNiN2aTaYZ8E9SDnOtIvIsj00B2jatWfQlJbo0fduc58ejuiH8gIqmcrwIImny1mENg== Completed in 7ms
103 timing metavuln:cache:get:security-advisory:@babel/core:Idr19O1BWN7Ji8lOUQqlOu5vFd3Dme2aLTIgj1JujlTXoJ0gJxeohEbcRfGsCKgxL+80SuhifAhuzkQKeteDXw== Completed in 6ms
104 http fetch GET 200 https://registry.npmjs.org/@trivago%2fprettier-plugin-sort-imports 392ms (cache revalidated)
105 timing metavuln:packument:@trivago/prettier-plugin-sort-imports Completed in 395ms
106 timing metavuln:load:security-advisory:@trivago/prettier-plugin-sort-imports:fh8hTevxKxxB/TjPLuIqX0xLWISD9TTk1zuqINuUa51u0luhTDHL+nc9unv55+ZUTUbbXP13tqvYywrH1nLIwg== Completed in 1ms
107 timing metavuln:calculate:security-advisory:@trivago/prettier-plugin-sort-imports:fh8hTevxKxxB/TjPLuIqX0xLWISD9TTk1zuqINuUa51u0luhTDHL+nc9unv55+ZUTUbbXP13tqvYywrH1nLIwg== Completed in 396ms
108 http fetch GET 200 https://registry.npmjs.org/@babel%2fcore 395ms (cache revalidated)
109 timing metavuln:packument:@babel/core Completed in 400ms
110 timing metavuln:load:security-advisory:@babel/core:fh8hTevxKxxB/TjPLuIqX0xLWISD9TTk1zuqINuUa51u0luhTDHL+nc9unv55+ZUTUbbXP13tqvYywrH1nLIwg== Completed in 2ms
111 timing metavuln:calculate:security-advisory:@babel/core:fh8hTevxKxxB/TjPLuIqX0xLWISD9TTk1zuqINuUa51u0luhTDHL+nc9unv55+ZUTUbbXP13tqvYywrH1nLIwg== Completed in 402ms
112 timing metavuln:cache:get:security-advisory:micromatch:KLlQrQSexijh/BbB4FSM3fP0/MIDSj3iMiApgG1JwuVrHt48fzZ8fAIdgNu2TyvXdqnfHV2kIjol+N5OzsIiGQ== Completed in 7ms
113 http fetch GET 200 https://registry.npmjs.org/micromatch 354ms (cache revalidated)
114 timing metavuln:packument:micromatch Completed in 356ms
115 timing metavuln:load:security-advisory:micromatch:JiXBFkEDkUnBQLw3PO6emUmmm2JXqgEbh+FhB3SNDS8k6Z0wM20irrfaOjjxYuMxZaKaDudvR037mtEoeqZzXw== Completed in 0ms
116 timing metavuln:calculate:security-advisory:micromatch:JiXBFkEDkUnBQLw3PO6emUmmm2JXqgEbh+FhB3SNDS8k6Z0wM20irrfaOjjxYuMxZaKaDudvR037mtEoeqZzXw== Completed in 357ms
117 timing metavuln:cache:get:security-advisory:@react-native-community/cli-hermes:DxKOs2NR9ZCIVXHHfLB6jNmCPCopwTcVJYY8snf1pYhbEPJk4evJUpjuvaD+L/U56LGHIdtazbhMGUwDBANDPw== Completed in 6ms
118 timing metavuln:cache:get:security-advisory:@react-native-community/cli-doctor:3U6RBGv3W/mbH2cLbp4wdiroBK+5YkLBr0wsbeDd2ZRkVJMt2p5ZwoogMgKiE5JhHjsb4Pmy5LlXY7Ir6IR26A== Completed in 8ms
119 http fetch GET 200 https://registry.npmjs.org/@react-native-community%2fcli-hermes 376ms (cache revalidated)
120 timing metavuln:packument:@react-native-community/cli-hermes Completed in 378ms
121 timing metavuln:load:security-advisory:@react-native-community/cli-hermes:PkoqnAOsihoHuR3Fk5c0mRFtnSsUI5BU8nrxHUr93qnnimkRh/gSLq0v3US3+taG3o41fEv3+6ICgO+/cag93Q== Completed in 1ms
122 timing metavuln:calculate:security-advisory:@react-native-community/cli-hermes:PkoqnAOsihoHuR3Fk5c0mRFtnSsUI5BU8nrxHUr93qnnimkRh/gSLq0v3US3+taG3o41fEv3+6ICgO+/cag93Q== Completed in 380ms
123 http fetch GET 200 https://registry.npmjs.org/@react-native-community%2fcli-doctor 382ms (cache revalidated)
124 timing metavuln:packument:@react-native-community/cli-doctor Completed in 385ms
125 timing metavuln:load:security-advisory:@react-native-community/cli-doctor:PkoqnAOsihoHuR3Fk5c0mRFtnSsUI5BU8nrxHUr93qnnimkRh/gSLq0v3US3+taG3o41fEv3+6ICgO+/cag93Q== Completed in 1ms
126 timing metavuln:calculate:security-advisory:@react-native-community/cli-doctor:PkoqnAOsihoHuR3Fk5c0mRFtnSsUI5BU8nrxHUr93qnnimkRh/gSLq0v3US3+taG3o41fEv3+6ICgO+/cag93Q== Completed in 387ms
127 timing metavuln:cache:get:security-advisory:native-base:pAWgeBxS0xIsb4Yqc5/Fkm3LmwFPtjngBouF9ZEmGbwuRkWdGF5Y3l9eq3qNQlWxqF4cY1k30dFkDv36Cveg4A== Completed in 4ms
128 http fetch GET 200 https://registry.npmjs.org/native-base 826ms (cache revalidated)
129 timing metavuln:packument:native-base Completed in 833ms
130 timing metavuln:load:security-advisory:native-base:ZDS7dxWkEQDYyt3Ydh1ZFWzhfG5TaXThTm/KB9kMWa5UdlPy3CdyKGdSN5o+9i5yT1Ki8tPzwf+FSSH4rAmoQQ== Completed in 2ms
131 timing metavuln:calculate:security-advisory:native-base:ZDS7dxWkEQDYyt3Ydh1ZFWzhfG5TaXThTm/KB9kMWa5UdlPy3CdyKGdSN5o+9i5yT1Ki8tPzwf+FSSH4rAmoQQ== Completed in 836ms
132 timing metavuln:cache:get:security-advisory:react-native:0kZ8MDUddOW5LNYxXcwTjZzukAf5C97dyj3Ch+9/9JgwoSPaTudavJyaHYfEJ0ZH2VkZamGq6W1dDsDHc1lu1Q== Completed in 3ms
133 http fetch GET 200 https://registry.npmjs.org/react-native 15ms (cache hit)
134 timing metavuln:packument:react-native Completed in 34ms
135 timing metavuln:load:security-advisory:react-native:oOe6W4jDSqJwbEtm6xk2n65D6NO7eKtDrCIEmQ3Y8oaB2UbjlYnGLIfrDAjxK/YLp/5vHRk0c6EHnR0dS1MZvw== Completed in 11ms
136 timing metavuln:calculate:security-advisory:react-native:oOe6W4jDSqJwbEtm6xk2n65D6NO7eKtDrCIEmQ3Y8oaB2UbjlYnGLIfrDAjxK/YLp/5vHRk0c6EHnR0dS1MZvw== Completed in 46ms
137 timing metavuln:cache:get:security-advisory:@forward-software/react-native-toolbox:m6p/gabaLFCNz9oOPNzDXtm35iWVakOhk1At5oS4PQXOO0WvO0+3sOu/39Bs5fxdWKer7LOEaN+R5WIWpx5igg== Completed in 4ms
138 http fetch GET 200 https://registry.npmjs.org/@forward-software%2freact-native-toolbox 1390ms (cache revalidated)
139 timing metavuln:packument:@forward-software/react-native-toolbox Completed in 1392ms
140 timing metavuln:load:security-advisory:@forward-software/react-native-toolbox:WMi/VGOiVsZ1LVY4z/g1FhnSXMsU0zpIl5aWN6O1GOrsiUoslku4b+Gy9sm37KGtGAyg2KEXKyrCmSKwD9F/iw== Completed in 0ms
141 timing metavuln:calculate:security-advisory:@forward-software/react-native-toolbox:WMi/VGOiVsZ1LVY4z/g1FhnSXMsU0zpIl5aWN6O1GOrsiUoslku4b+Gy9sm37KGtGAyg2KEXKyrCmSKwD9F/iw== Completed in 1392ms
142 timing metavuln:cache:get:security-advisory:jscodeshift:mVp6a3ZE15VsgbIXHgPVtYiJLhvr2PBp1lfu9vencHzTeSiLft8+Ed93uk4mRZYTFQA61KQulZ8xSF+MI6JBUw== Completed in 4ms
143 http fetch GET 200 https://registry.npmjs.org/jscodeshift 416ms (cache revalidated)
144 timing metavuln:packument:jscodeshift Completed in 419ms
145 timing metavuln:load:security-advisory:jscodeshift:KLlQrQSexijh/BbB4FSM3fP0/MIDSj3iMiApgG1JwuVrHt48fzZ8fAIdgNu2TyvXdqnfHV2kIjol+N5OzsIiGQ== Completed in 0ms
146 timing metavuln:calculate:security-advisory:jscodeshift:KLlQrQSexijh/BbB4FSM3fP0/MIDSj3iMiApgG1JwuVrHt48fzZ8fAIdgNu2TyvXdqnfHV2kIjol+N5OzsIiGQ== Completed in 420ms
147 timing metavuln:cache:get:security-advisory:@react-native-community/cli:5C6VSe5s3kqQX9iOSJjmqZqpGct6ow1yrAC0L2/5NUXJ1hGLZ58EOuJxFszm9w8Je7qHTWn9Be0aVPrJ1ctQaQ== Completed in 4ms
148 http fetch GET 200 https://registry.npmjs.org/@react-native-community%2fcli 414ms (cache revalidated)
149 timing metavuln:packument:@react-native-community/cli Completed in 430ms
150 timing metavuln:load:security-advisory:@react-native-community/cli:DxKOs2NR9ZCIVXHHfLB6jNmCPCopwTcVJYY8snf1pYhbEPJk4evJUpjuvaD+L/U56LGHIdtazbhMGUwDBANDPw== Completed in 2ms
151 timing metavuln:calculate:security-advisory:@react-native-community/cli:DxKOs2NR9ZCIVXHHfLB6jNmCPCopwTcVJYY8snf1pYhbEPJk4evJUpjuvaD+L/U56LGHIdtazbhMGUwDBANDPw== Completed in 434ms
152 timing metavuln:cache:get:security-advisory:@react-native-community/cli:NleaO0uGcDNq3r80QuytHnZqxyfBnwUKGIVfVf+2UlqykvsydW2HdpUsDT7Kb35ttgh1pktHIuSB/rJYRvEkpw== Completed in 3ms
153 timing metavuln:load:security-advisory:@react-native-community/cli:3U6RBGv3W/mbH2cLbp4wdiroBK+5YkLBr0wsbeDd2ZRkVJMt2p5ZwoogMgKiE5JhHjsb4Pmy5LlXY7Ir6IR26A== Completed in 1ms
154 timing metavuln:calculate:security-advisory:@react-native-community/cli:3U6RBGv3W/mbH2cLbp4wdiroBK+5YkLBr0wsbeDd2ZRkVJMt2p5ZwoogMgKiE5JhHjsb4Pmy5LlXY7Ir6IR26A== Completed in 4ms
155 timing metavuln:cache:get:security-advisory:@types/react-native-video:9a3gn9SiJdXtayAp/qp/FullNPKgGNSiFVfctGjBwYI6sWugp6G1GcNdO7+HCoKE3QuUnSClfbUyQdZjSZPhYg== Completed in 4ms
156 timing metavuln:cache:get:security-advisory:@types/react-native-indicators:UtHDK6XvLoQqKUW6dl60g+ucyDLgTwf3QCr5UJDebVyljwah28SP9BTaRfALcugG5fcxJT29hQmyfcJ5dscm/w== Completed in 5ms
157 http fetch GET 200 https://registry.npmjs.org/@types%2freact-native-video 427ms (cache revalidated)
158 timing metavuln:packument:@types/react-native-video Completed in 428ms
159 timing metavuln:load:security-advisory:@types/react-native-video:0kZ8MDUddOW5LNYxXcwTjZzukAf5C97dyj3Ch+9/9JgwoSPaTudavJyaHYfEJ0ZH2VkZamGq6W1dDsDHc1lu1Q== Completed in 0ms
160 timing metavuln:calculate:security-advisory:@types/react-native-video:0kZ8MDUddOW5LNYxXcwTjZzukAf5C97dyj3Ch+9/9JgwoSPaTudavJyaHYfEJ0ZH2VkZamGq6W1dDsDHc1lu1Q== Completed in 429ms
161 http fetch GET 200 https://registry.npmjs.org/@types%2freact-native-indicators 433ms (cache revalidated)
162 timing metavuln:packument:@types/react-native-indicators Completed in 434ms
163 timing metavuln:load:security-advisory:@types/react-native-indicators:0kZ8MDUddOW5LNYxXcwTjZzukAf5C97dyj3Ch+9/9JgwoSPaTudavJyaHYfEJ0ZH2VkZamGq6W1dDsDHc1lu1Q== Completed in 0ms
164 timing metavuln:calculate:security-advisory:@types/react-native-indicators:0kZ8MDUddOW5LNYxXcwTjZzukAf5C97dyj3Ch+9/9JgwoSPaTudavJyaHYfEJ0ZH2VkZamGq6W1dDsDHc1lu1Q== Completed in 435ms
165 timing metavuln:cache:get:security-advisory:react-native-codegen:z6WGhs2rDOZ9DcqKpyAmyORb9l6kv+HXD0F6W0/ukHj44kBVj5mLbYBgl0FUS7AQXEyi394JNjz8qzISifggxQ== Completed in 4ms
166 http fetch GET 200 https://registry.npmjs.org/react-native-codegen 380ms (cache revalidated)
167 timing metavuln:packument:react-native-codegen Completed in 382ms
168 timing metavuln:load:security-advisory:react-native-codegen:mVp6a3ZE15VsgbIXHgPVtYiJLhvr2PBp1lfu9vencHzTeSiLft8+Ed93uk4mRZYTFQA61KQulZ8xSF+MI6JBUw== Completed in 1ms
169 timing metavuln:calculate:security-advisory:react-native-codegen:mVp6a3ZE15VsgbIXHgPVtYiJLhvr2PBp1lfu9vencHzTeSiLft8+Ed93uk4mRZYTFQA61KQulZ8xSF+MI6JBUw== Completed in 383ms
170 timing metavuln:cache:get:security-advisory:react-native:T51KTFcfW1pFoFILn2gYU6JxlgOe82EYdXi38btopSN/8JC2gwLLrkJ7+gXDbiLqBdvDwnto93HjrIfLago0Jw== Completed in 1ms
171 timing metavuln:load:security-advisory:react-native:5C6VSe5s3kqQX9iOSJjmqZqpGct6ow1yrAC0L2/5NUXJ1hGLZ58EOuJxFszm9w8Je7qHTWn9Be0aVPrJ1ctQaQ== Completed in 115ms
172 timing metavuln:cache:put:security-advisory:react-native:T51KTFcfW1pFoFILn2gYU6JxlgOe82EYdXi38btopSN/8JC2gwLLrkJ7+gXDbiLqBdvDwnto93HjrIfLago0Jw== Completed in 4ms
173 timing metavuln:calculate:security-advisory:react-native:5C6VSe5s3kqQX9iOSJjmqZqpGct6ow1yrAC0L2/5NUXJ1hGLZ58EOuJxFszm9w8Je7qHTWn9Be0aVPrJ1ctQaQ== Completed in 120ms
174 timing metavuln:cache:get:security-advisory:react-native:ZIZj43INKlV1PfOyLSlmzrLUXIQc2Mdsypmn8sJvosGsjD8eVos5QsrGrIFWWI+IR+4bPQwdQkmhF7sEuHW50w== Completed in 2ms
175 timing metavuln:load:security-advisory:react-native:z6WGhs2rDOZ9DcqKpyAmyORb9l6kv+HXD0F6W0/ukHj44kBVj5mLbYBgl0FUS7AQXEyi394JNjz8qzISifggxQ== Completed in 8ms
176 timing metavuln:calculate:security-advisory:react-native:z6WGhs2rDOZ9DcqKpyAmyORb9l6kv+HXD0F6W0/ukHj44kBVj5mLbYBgl0FUS7AQXEyi394JNjz8qzISifggxQ== Completed in 10ms
177 timing auditReport:init Completed in 6791ms
178 timing reify:audit Completed in 7709ms
179 timing reify Completed in 8969ms
180 timing command:install Completed in 9080ms
181 verbose stack Error: command failed
181 verbose stack     at ChildProcess.<anonymous> (/usr/share/nodejs/@npmcli/promise-spawn/lib/index.js:53:27)
181 verbose stack     at ChildProcess.emit (node:events:517:28)
181 verbose stack     at maybeClose (node:internal/child_process:1098:16)
181 verbose stack     at ChildProcess._handle.onexit (node:internal/child_process:303:5)
182 verbose pkgid dux@2.2.21-RC03
183 verbose cwd /root
184 verbose Linux 6.5.11-linuxkit
185 verbose node v18.19.0
186 verbose npm  v9.2.0
187 error code 127
188 error path /root
189 error command failed
190 error command sh -c husky install && yarn patch-package && react-native setup-ios-permissions && bash scripts/fix-network.sh
191 verbose exit 127
192 timing npm Completed in 9102ms
193 verbose code 127
194 error A complete log of this run can be found in:
194 error     /root/.npm/_logs/2024-08-19T06_54_25_638Z-debug-0.log
