0 verbose cli /usr/bin/node /usr/bin/npm
1 info using npm@9.2.0
2 info using node@v18.19.0
3 timing npm:load:whichnode Completed in 0ms
4 timing config:load:defaults Completed in 1ms
5 timing config:load:file:/usr/share/nodejs/npm/npmrc Completed in 1ms
6 timing config:load:builtin Completed in 1ms
7 timing config:load:cli Completed in 1ms
8 timing config:load:env Completed in 0ms
9 timing config:load:project Completed in 0ms
10 timing config:load:file:/root/.npmrc Completed in 0ms
11 timing config:load:user Completed in 0ms
12 timing config:load:file:/etc/npmrc Completed in 0ms
13 timing config:load:global Completed in 0ms
14 timing config:load:setEnvs Completed in 0ms
15 timing config:load Completed in 4ms
16 timing npm:load:configload Completed in 4ms
17 timing npm:load:mkdirpcache Completed in 0ms
18 timing npm:load:mkdirplogs Completed in 1ms
19 verbose title npm install express lodash
20 verbose argv "install" "express" "lodash"
21 timing npm:load:setTitle Completed in 0ms
22 timing config:load:flatten Completed in 1ms
23 timing npm:load:display Completed in 2ms
24 verbose logfile logs-max:10 dir:/root/.npm/_logs/2024-08-19T07_01_50_983Z-
25 verbose logfile /root/.npm/_logs/2024-08-19T07_01_50_983Z-debug-0.log
26 timing npm:load:logFile Completed in 2ms
27 timing npm:load:timers Completed in 0ms
28 timing npm:load:configScope Completed in 0ms
29 timing npm:load Completed in 10ms
30 silly logfile done cleaning log files
31 timing config:load:flatten Completed in 0ms
32 timing arborist:ctor Completed in 0ms
33 timing idealTree:init Completed in 6ms
34 timing idealTree:userRequests Completed in 2ms
35 silly idealTree buildDeps
36 silly fetch manifest express@*
37 timing arborist:ctor Completed in 0ms
38 http fetch GET 200 https://registry.npmjs.org/express 1530ms (cache updated)
39 silly fetch manifest lodash@*
40 http fetch GET 200 https://registry.npmjs.org/lodash 350ms (cache revalidated)
41 silly placeDep ROOT express@4.19.2 OK for: root@1.0.0 want: *
42 silly placeDep ROOT lodash@4.17.21 OK for: root@1.0.0 want: *
43 silly fetch manifest qs@6.11.0
44 silly fetch manifest depd@2.0.0
45 silly fetch manifest etag@~1.8.1
46 silly fetch manifest send@0.18.0
47 silly fetch manifest vary@~1.1.2
48 silly fetch manifest debug@2.6.9
49 silly fetch manifest fresh@0.5.2
50 silly fetch manifest cookie@0.6.0
51 silly fetch manifest accepts@~1.3.8
52 silly fetch manifest methods@~1.1.2
53 silly fetch manifest type-is@~1.6.18
54 silly fetch manifest parseurl@~1.3.3
55 silly fetch manifest statuses@2.0.1
56 silly fetch manifest encodeurl@~1.0.2
57 silly fetch manifest proxy-addr@~2.0.7
58 silly fetch manifest body-parser@1.20.2
59 silly fetch manifest escape-html@~1.0.3
60 silly fetch manifest http-errors@2.0.0
61 silly fetch manifest on-finished@2.4.1
62 silly fetch manifest safe-buffer@5.2.1
63 silly fetch manifest utils-merge@1.0.1
64 silly fetch manifest content-type@~1.0.4
65 silly fetch manifest finalhandler@1.2.0
66 silly fetch manifest range-parser@~1.2.1
67 silly fetch manifest serve-static@1.15.0
68 silly fetch manifest array-flatten@1.1.1
69 silly fetch manifest path-to-regexp@0.1.7
70 silly fetch manifest setprototypeof@1.2.0
71 silly fetch manifest cookie-signature@1.0.6
72 silly fetch manifest merge-descriptors@1.0.1
73 silly fetch manifest content-disposition@0.5.4
74 http fetch GET 200 https://registry.npmjs.org/cookie 134ms (cache revalidated)
75 http fetch GET 200 https://registry.npmjs.org/send 144ms (cache revalidated)
76 http fetch GET 200 https://registry.npmjs.org/type-is 142ms (cache revalidated)
77 http fetch GET 200 https://registry.npmjs.org/encodeurl 149ms (cache revalidated)
78 http fetch GET 200 https://registry.npmjs.org/qs 186ms (cache revalidated)
79 http fetch GET 200 https://registry.npmjs.org/array-flatten 174ms (cache revalidated)
80 http fetch GET 200 https://registry.npmjs.org/on-finished 186ms (cache revalidated)
81 http fetch GET 200 https://registry.npmjs.org/utils-merge 191ms (cache revalidated)
82 http fetch GET 200 https://registry.npmjs.org/cookie-signature 213ms (cache revalidated)
83 http fetch GET 200 https://registry.npmjs.org/content-type 229ms (cache revalidated)
84 http fetch GET 200 https://registry.npmjs.org/range-parser 235ms (cache revalidated)
85 http fetch GET 200 https://registry.npmjs.org/path-to-regexp 261ms (cache revalidated)
86 http fetch GET 200 https://registry.npmjs.org/serve-static 265ms (cache revalidated)
87 http fetch GET 200 https://registry.npmjs.org/content-disposition 281ms (cache revalidated)
88 http fetch GET 200 https://registry.npmjs.org/proxy-addr 307ms (cache revalidated)
89 http fetch GET 200 https://registry.npmjs.org/setprototypeof 302ms (cache revalidated)
90 http fetch GET 200 https://registry.npmjs.org/statuses 336ms (cache revalidated)
91 http fetch GET 200 https://registry.npmjs.org/finalhandler 344ms (cache revalidated)
92 http fetch GET 200 https://registry.npmjs.org/safe-buffer 358ms (cache revalidated)
93 http fetch GET 200 https://registry.npmjs.org/merge-descriptors 351ms (cache revalidated)
94 http fetch GET 200 https://registry.npmjs.org/fresh 374ms (cache revalidated)
95 http fetch GET 200 https://registry.npmjs.org/methods 1035ms (cache revalidated)
96 http fetch GET 200 https://registry.npmjs.org/accepts 1059ms (cache revalidated)
97 http fetch GET 200 https://registry.npmjs.org/parseurl 1059ms (cache revalidated)
98 http fetch GET 200 https://registry.npmjs.org/etag 1066ms (cache revalidated)
99 http fetch GET 200 https://registry.npmjs.org/debug 1065ms (cache revalidated)
100 http fetch GET 200 https://registry.npmjs.org/body-parser 1067ms (cache revalidated)
101 http fetch GET 200 https://registry.npmjs.org/http-errors 1067ms (cache revalidated)
102 http fetch GET 200 https://registry.npmjs.org/escape-html 1071ms (cache revalidated)
103 http fetch GET 200 https://registry.npmjs.org/vary 1079ms (cache revalidated)
104 http fetch GET 200 https://registry.npmjs.org/depd 1082ms (cache revalidated)
105 timing idealTree:#root Completed in 2990ms
106 silly placeDep ROOT accepts@1.3.8 OK for: express@4.19.2 want: ~1.3.8
107 silly placeDep ROOT array-flatten@1.1.1 OK for: express@4.19.2 want: 1.1.1
108 silly placeDep ROOT body-parser@1.20.2 OK for: express@4.19.2 want: 1.20.2
109 silly placeDep ROOT content-disposition@0.5.4 OK for: express@4.19.2 want: 0.5.4
110 silly placeDep ROOT content-type@1.0.5 OK for: express@4.19.2 want: ~1.0.4
111 silly placeDep ROOT cookie@0.6.0 OK for: express@4.19.2 want: 0.6.0
112 silly placeDep ROOT cookie-signature@1.0.6 OK for: express@4.19.2 want: 1.0.6
113 silly placeDep ROOT debug@2.6.9 OK for: express@4.19.2 want: 2.6.9
114 silly placeDep ROOT depd@2.0.0 OK for: express@4.19.2 want: 2.0.0
115 silly placeDep ROOT encodeurl@1.0.2 OK for: express@4.19.2 want: ~1.0.2
116 silly placeDep ROOT escape-html@1.0.3 OK for: express@4.19.2 want: ~1.0.3
117 silly placeDep ROOT etag@1.8.1 OK for: express@4.19.2 want: ~1.8.1
118 silly placeDep ROOT finalhandler@1.2.0 OK for: express@4.19.2 want: 1.2.0
119 silly placeDep ROOT fresh@0.5.2 OK for: express@4.19.2 want: 0.5.2
120 silly placeDep ROOT http-errors@2.0.0 OK for: express@4.19.2 want: 2.0.0
121 silly placeDep ROOT merge-descriptors@1.0.1 OK for: express@4.19.2 want: 1.0.1
122 silly placeDep ROOT methods@1.1.2 OK for: express@4.19.2 want: ~1.1.2
123 silly placeDep ROOT on-finished@2.4.1 OK for: express@4.19.2 want: 2.4.1
124 silly placeDep ROOT parseurl@1.3.3 OK for: express@4.19.2 want: ~1.3.3
125 silly placeDep ROOT path-to-regexp@0.1.7 OK for: express@4.19.2 want: 0.1.7
126 silly placeDep ROOT proxy-addr@2.0.7 OK for: express@4.19.2 want: ~2.0.7
127 silly placeDep ROOT qs@6.11.0 OK for: express@4.19.2 want: 6.11.0
128 silly placeDep ROOT range-parser@1.2.1 OK for: express@4.19.2 want: ~1.2.1
129 silly placeDep ROOT safe-buffer@5.2.1 OK for: express@4.19.2 want: 5.2.1
130 silly placeDep ROOT send@0.18.0 OK for: express@4.19.2 want: 0.18.0
131 silly placeDep ROOT serve-static@1.15.0 OK for: express@4.19.2 want: 1.15.0
132 silly placeDep ROOT setprototypeof@1.2.0 OK for: express@4.19.2 want: 1.2.0
133 silly placeDep ROOT statuses@2.0.1 OK for: express@4.19.2 want: 2.0.1
134 silly placeDep ROOT type-is@1.6.18 OK for: express@4.19.2 want: ~1.6.18
135 silly placeDep ROOT utils-merge@1.0.1 OK for: express@4.19.2 want: 1.0.1
136 silly placeDep ROOT vary@1.1.2 OK for: express@4.19.2 want: ~1.1.2
137 silly fetch manifest mime-types@~2.1.34
138 silly fetch manifest negotiator@0.6.3
139 silly fetch manifest bytes@3.1.2
140 silly fetch manifest unpipe@1.0.0
141 silly fetch manifest destroy@1.2.0
142 silly fetch manifest raw-body@2.5.2
143 silly fetch manifest iconv-lite@0.4.24
144 silly fetch manifest ms@2.0.0
145 silly fetch manifest unpipe@~1.0.0
146 silly fetch manifest inherits@2.0.4
147 silly fetch manifest toidentifier@1.0.1
148 silly fetch manifest ee-first@1.1.1
149 silly fetch manifest forwarded@0.2.0
150 silly fetch manifest ipaddr.js@1.9.1
151 silly fetch manifest side-channel@^1.0.4
152 silly fetch manifest ms@2.1.3
153 silly fetch manifest mime@1.6.0
154 silly fetch manifest media-typer@0.3.0
155 silly fetch manifest mime-types@~2.1.24
156 http fetch GET 200 https://registry.npmjs.org/destroy 77ms (cache revalidated)
157 http fetch GET 200 https://registry.npmjs.org/mime-types 69ms (cache revalidated)
158 http fetch GET 200 https://registry.npmjs.org/toidentifier 89ms (cache revalidated)
159 http fetch GET 200 https://registry.npmjs.org/ipaddr.js 95ms (cache revalidated)
160 http fetch GET 200 https://registry.npmjs.org/ms 109ms (cache revalidated)
161 http fetch GET 200 https://registry.npmjs.org/iconv-lite 128ms (cache revalidated)
162 http fetch GET 200 https://registry.npmjs.org/ms 144ms (cache revalidated)
163 http fetch GET 200 https://registry.npmjs.org/mime 301ms (cache revalidated)
164 http fetch GET 200 https://registry.npmjs.org/media-typer 394ms (cache revalidated)
165 http fetch GET 200 https://registry.npmjs.org/inherits 400ms (cache revalidated)
166 http fetch GET 200 https://registry.npmjs.org/raw-body 404ms (cache revalidated)
167 http fetch GET 200 https://registry.npmjs.org/forwarded 400ms (cache revalidated)
168 http fetch GET 200 https://registry.npmjs.org/unpipe 405ms (cache revalidated)
169 http fetch GET 200 https://registry.npmjs.org/ee-first 401ms (cache revalidated)
170 http fetch GET 200 https://registry.npmjs.org/bytes 406ms (cache revalidated)
171 http fetch GET 200 https://registry.npmjs.org/unpipe 403ms (cache revalidated)
172 http fetch GET 200 https://registry.npmjs.org/negotiator 407ms (cache revalidated)
173 http fetch GET 200 https://registry.npmjs.org/mime-types 407ms (cache revalidated)
174 http fetch GET 200 https://registry.npmjs.org/side-channel 401ms (cache revalidated)
175 timing idealTree:node_modules/express Completed in 437ms
176 silly placeDep ROOT mime-types@2.1.35 OK for: accepts@1.3.8 want: ~2.1.34
177 silly placeDep ROOT negotiator@0.6.3 OK for: accepts@1.3.8 want: 0.6.3
178 silly fetch manifest mime-db@1.52.0
179 http fetch GET 200 https://registry.npmjs.org/mime-db 482ms (cache revalidated)
180 timing idealTree:node_modules/accepts Completed in 487ms
181 timing idealTree:node_modules/array-flatten Completed in 0ms
182 silly placeDep ROOT bytes@3.1.2 OK for: body-parser@1.20.2 want: 3.1.2
183 silly placeDep ROOT destroy@1.2.0 OK for: body-parser@1.20.2 want: 1.2.0
184 silly placeDep ROOT iconv-lite@0.4.24 OK for: body-parser@1.20.2 want: 0.4.24
185 silly placeDep ROOT raw-body@2.5.2 OK for: body-parser@1.20.2 want: 2.5.2
186 silly placeDep ROOT unpipe@1.0.0 OK for: body-parser@1.20.2 want: 1.0.0
187 silly fetch manifest safer-buffer@>= 2.1.2 < 3
188 http fetch GET 200 https://registry.npmjs.org/safer-buffer 412ms (cache revalidated)
189 timing idealTree:node_modules/body-parser Completed in 423ms
190 timing idealTree:node_modules/bytes Completed in 0ms
191 timing idealTree:node_modules/content-disposition Completed in 0ms
192 timing idealTree:node_modules/content-type Completed in 0ms
193 timing idealTree:node_modules/cookie Completed in 0ms
194 timing idealTree:node_modules/cookie-signature Completed in 0ms
195 silly placeDep ROOT ms@2.0.0 OK for: debug@2.6.9 want: 2.0.0
196 timing idealTree:node_modules/debug Completed in 4ms
197 timing idealTree:node_modules/depd Completed in 0ms
198 timing idealTree:node_modules/destroy Completed in 0ms
199 timing idealTree:node_modules/encodeurl Completed in 0ms
200 timing idealTree:node_modules/escape-html Completed in 0ms
201 timing idealTree:node_modules/etag Completed in 0ms
202 timing idealTree:node_modules/finalhandler Completed in 0ms
203 timing idealTree:node_modules/fresh Completed in 0ms
204 silly placeDep ROOT inherits@2.0.4 OK for: http-errors@2.0.0 want: 2.0.4
205 silly placeDep ROOT toidentifier@1.0.1 OK for: http-errors@2.0.0 want: 1.0.1
206 timing idealTree:node_modules/http-errors Completed in 2ms
207 silly placeDep ROOT safer-buffer@2.1.2 OK for: iconv-lite@0.4.24 want: >= 2.1.2 < 3
208 timing idealTree:node_modules/iconv-lite Completed in 2ms
209 timing idealTree:node_modules/inherits Completed in 0ms
210 timing idealTree:node_modules/lodash Completed in 0ms
211 timing idealTree:node_modules/merge-descriptors Completed in 0ms
212 timing idealTree:node_modules/methods Completed in 0ms
213 silly placeDep ROOT mime-db@1.52.0 OK for: mime-types@2.1.35 want: 1.52.0
214 timing idealTree:node_modules/mime-types Completed in 2ms
215 timing idealTree:node_modules/mime-db Completed in 0ms
216 timing idealTree:node_modules/ms Completed in 0ms
217 timing idealTree:node_modules/negotiator Completed in 0ms
218 silly placeDep ROOT ee-first@1.1.1 OK for: on-finished@2.4.1 want: 1.1.1
219 timing idealTree:node_modules/on-finished Completed in 1ms
220 timing idealTree:node_modules/ee-first Completed in 0ms
221 timing idealTree:node_modules/parseurl Completed in 0ms
222 timing idealTree:node_modules/path-to-regexp Completed in 0ms
223 silly placeDep ROOT forwarded@0.2.0 OK for: proxy-addr@2.0.7 want: 0.2.0
224 silly placeDep ROOT ipaddr.js@1.9.1 OK for: proxy-addr@2.0.7 want: 1.9.1
225 timing idealTree:node_modules/proxy-addr Completed in 2ms
226 timing idealTree:node_modules/forwarded Completed in 0ms
227 timing idealTree:node_modules/ipaddr.js Completed in 0ms
228 silly placeDep ROOT side-channel@1.0.6 OK for: qs@6.11.0 want: ^1.0.4
229 silly fetch manifest call-bind@^1.0.7
230 silly fetch manifest es-errors@^1.3.0
231 silly fetch manifest get-intrinsic@^1.2.4
232 silly fetch manifest object-inspect@^1.13.1
233 http fetch GET 200 https://registry.npmjs.org/es-errors 482ms (cache revalidated)
234 http fetch GET 200 https://registry.npmjs.org/get-intrinsic 482ms (cache revalidated)
235 http fetch GET 200 https://registry.npmjs.org/call-bind 484ms (cache revalidated)
236 http fetch GET 200 https://registry.npmjs.org/object-inspect 482ms (cache revalidated)
237 timing idealTree:node_modules/qs Completed in 489ms
238 timing idealTree:node_modules/range-parser Completed in 0ms
239 timing idealTree:node_modules/raw-body Completed in 0ms
240 timing idealTree:node_modules/safe-buffer Completed in 0ms
241 timing idealTree:node_modules/safer-buffer Completed in 0ms
242 silly placeDep ROOT mime@1.6.0 OK for: send@0.18.0 want: 1.6.0
243 silly placeDep node_modules/send ms@2.1.3 OK for: send@0.18.0 want: 2.1.3
244 timing idealTree:node_modules/send Completed in 6ms
245 timing idealTree:node_modules/mime Completed in 0ms
246 timing idealTree:node_modules/serve-static Completed in 0ms
247 timing idealTree:node_modules/setprototypeof Completed in 0ms
248 silly placeDep ROOT call-bind@1.0.7 OK for: side-channel@1.0.6 want: ^1.0.7
249 silly placeDep ROOT es-errors@1.3.0 OK for: side-channel@1.0.6 want: ^1.3.0
250 silly placeDep ROOT get-intrinsic@1.2.4 OK for: side-channel@1.0.6 want: ^1.2.4
251 silly placeDep ROOT object-inspect@1.13.2 OK for: side-channel@1.0.6 want: ^1.13.1
252 silly fetch manifest es-define-property@^1.0.0
253 silly fetch manifest function-bind@^1.1.2
254 silly fetch manifest set-function-length@^1.2.1
255 silly fetch manifest has-proto@^1.0.1
256 silly fetch manifest has-symbols@^1.0.3
257 silly fetch manifest hasown@^2.0.0
258 http fetch GET 200 https://registry.npmjs.org/es-define-property 394ms (cache revalidated)
259 http fetch GET 200 https://registry.npmjs.org/set-function-length 398ms (cache revalidated)
260 http fetch GET 200 https://registry.npmjs.org/function-bind 399ms (cache revalidated)
261 http fetch GET 200 https://registry.npmjs.org/has-proto 399ms (cache revalidated)
262 http fetch GET 200 https://registry.npmjs.org/hasown 399ms (cache revalidated)
263 http fetch GET 200 https://registry.npmjs.org/has-symbols 400ms (cache revalidated)
264 timing idealTree:node_modules/side-channel Completed in 409ms
265 silly placeDep ROOT es-define-property@1.0.0 OK for: call-bind@1.0.7 want: ^1.0.0
266 silly placeDep ROOT function-bind@1.1.2 OK for: call-bind@1.0.7 want: ^1.1.2
267 silly placeDep ROOT set-function-length@1.2.2 OK for: call-bind@1.0.7 want: ^1.2.1
268 silly fetch manifest define-data-property@^1.1.4
269 silly fetch manifest gopd@^1.0.1
270 silly fetch manifest has-property-descriptors@^1.0.2
271 http fetch GET 200 https://registry.npmjs.org/define-data-property 405ms (cache revalidated)
272 http fetch GET 200 https://registry.npmjs.org/gopd 406ms (cache revalidated)
273 http fetch GET 200 https://registry.npmjs.org/has-property-descriptors 406ms (cache revalidated)
274 timing idealTree:node_modules/call-bind Completed in 413ms
275 timing idealTree:node_modules/es-define-property Completed in 0ms
276 timing idealTree:node_modules/es-errors Completed in 0ms
277 timing idealTree:node_modules/function-bind Completed in 0ms
278 silly placeDep ROOT has-proto@1.0.3 OK for: get-intrinsic@1.2.4 want: ^1.0.1
279 silly placeDep ROOT has-symbols@1.0.3 OK for: get-intrinsic@1.2.4 want: ^1.0.3
280 silly placeDep ROOT hasown@2.0.2 OK for: get-intrinsic@1.2.4 want: ^2.0.0
281 timing idealTree:node_modules/get-intrinsic Completed in 6ms
282 timing idealTree:node_modules/has-proto Completed in 0ms
283 timing idealTree:node_modules/has-symbols Completed in 0ms
284 timing idealTree:node_modules/hasown Completed in 0ms
285 timing idealTree:node_modules/object-inspect Completed in 0ms
286 silly placeDep ROOT define-data-property@1.1.4 OK for: set-function-length@1.2.2 want: ^1.1.4
287 silly placeDep ROOT gopd@1.0.1 OK for: set-function-length@1.2.2 want: ^1.0.1
288 silly placeDep ROOT has-property-descriptors@1.0.2 OK for: set-function-length@1.2.2 want: ^1.0.2
289 timing idealTree:node_modules/set-function-length Completed in 5ms
290 timing idealTree:node_modules/define-data-property Completed in 0ms
291 timing idealTree:node_modules/gopd Completed in 0ms
292 timing idealTree:node_modules/has-property-descriptors Completed in 0ms
293 timing idealTree:node_modules/statuses Completed in 0ms
294 timing idealTree:node_modules/toidentifier Completed in 0ms
295 silly placeDep ROOT media-typer@0.3.0 OK for: type-is@1.6.18 want: 0.3.0
296 timing idealTree:node_modules/type-is Completed in 1ms
297 timing idealTree:node_modules/media-typer Completed in 0ms
298 timing idealTree:node_modules/unpipe Completed in 0ms
299 timing idealTree:node_modules/utils-merge Completed in 0ms
300 timing idealTree:node_modules/vary Completed in 0ms
301 timing idealTree:node_modules/send/node_modules/ms Completed in 0ms
302 timing idealTree:buildDeps Completed in 5683ms
303 timing idealTree:fixDepFlags Completed in 2ms
304 timing idealTree Completed in 5696ms
305 timing reify:loadTrees Completed in 5697ms
306 timing reify:diffTrees Completed in 2ms
307 silly reify moves {}
308 timing reify:retireShallow Completed in 1ms
309 timing reify:createSparse Completed in 9ms
310 timing reify:loadBundles Completed in 0ms
311 silly audit bulk request {
311 silly audit   express: [ '4.19.2' ],
311 silly audit   lodash: [ '4.17.21' ],
311 silly audit   accepts: [ '1.3.8' ],
311 silly audit   'array-flatten': [ '1.1.1' ],
311 silly audit   'body-parser': [ '1.20.2' ],
311 silly audit   'content-disposition': [ '0.5.4' ],
311 silly audit   'content-type': [ '1.0.5' ],
311 silly audit   cookie: [ '0.6.0' ],
311 silly audit   'cookie-signature': [ '1.0.6' ],
311 silly audit   debug: [ '2.6.9' ],
311 silly audit   depd: [ '2.0.0' ],
311 silly audit   encodeurl: [ '1.0.2' ],
311 silly audit   'escape-html': [ '1.0.3' ],
311 silly audit   etag: [ '1.8.1' ],
311 silly audit   finalhandler: [ '1.2.0' ],
311 silly audit   fresh: [ '0.5.2' ],
311 silly audit   'http-errors': [ '2.0.0' ],
311 silly audit   'merge-descriptors': [ '1.0.1' ],
311 silly audit   methods: [ '1.1.2' ],
311 silly audit   'on-finished': [ '2.4.1' ],
311 silly audit   parseurl: [ '1.3.3' ],
311 silly audit   'path-to-regexp': [ '0.1.7' ],
311 silly audit   'proxy-addr': [ '2.0.7' ],
311 silly audit   qs: [ '6.11.0' ],
311 silly audit   'range-parser': [ '1.2.1' ],
311 silly audit   'safe-buffer': [ '5.2.1' ],
311 silly audit   send: [ '0.18.0' ],
311 silly audit   'serve-static': [ '1.15.0' ],
311 silly audit   setprototypeof: [ '1.2.0' ],
311 silly audit   statuses: [ '2.0.1' ],
311 silly audit   'type-is': [ '1.6.18' ],
311 silly audit   'utils-merge': [ '1.0.1' ],
311 silly audit   vary: [ '1.1.2' ],
311 silly audit   'mime-types': [ '2.1.35' ],
311 silly audit   negotiator: [ '0.6.3' ],
311 silly audit   bytes: [ '3.1.2' ],
311 silly audit   destroy: [ '1.2.0' ],
311 silly audit   'iconv-lite': [ '0.4.24' ],
311 silly audit   'raw-body': [ '2.5.2' ],
311 silly audit   unpipe: [ '1.0.0' ],
311 silly audit   ms: [ '2.0.0', '2.1.3' ],
311 silly audit   inherits: [ '2.0.4' ],
311 silly audit   toidentifier: [ '1.0.1' ],
311 silly audit   'safer-buffer': [ '2.1.2' ],
311 silly audit   'mime-db': [ '1.52.0' ],
311 silly audit   'ee-first': [ '1.1.1' ],
311 silly audit   forwarded: [ '0.2.0' ],
311 silly audit   'ipaddr.js': [ '1.9.1' ],
311 silly audit   'side-channel': [ '1.0.6' ],
311 silly audit   mime: [ '1.6.0' ],
311 silly audit   'call-bind': [ '1.0.7' ],
311 silly audit   'es-errors': [ '1.3.0' ],
311 silly audit   'get-intrinsic': [ '1.2.4' ],
311 silly audit   'object-inspect': [ '1.13.2' ],
311 silly audit   'es-define-property': [ '1.0.0' ],
311 silly audit   'function-bind': [ '1.1.2' ],
311 silly audit   'set-function-length': [ '1.2.2' ],
311 silly audit   'has-proto': [ '1.0.3' ],
311 silly audit   'has-symbols': [ '1.0.3' ],
311 silly audit   hasown: [ '2.0.2' ],
311 silly audit   'define-data-property': [ '1.1.4' ],
311 silly audit   gopd: [ '1.0.1' ],
311 silly audit   'has-property-descriptors': [ '1.0.2' ],
311 silly audit   'media-typer': [ '0.3.0' ]
311 silly audit }
312 timing reifyNode:node_modules/ee-first Completed in 115ms
313 timing reifyNode:node_modules/destroy Completed in 115ms
314 timing reifyNode:node_modules/escape-html Completed in 115ms
315 timing reifyNode:node_modules/send/node_modules/ms Completed in 116ms
316 timing reifyNode:node_modules/media-typer Completed in 118ms
317 timing reifyNode:node_modules/forwarded Completed in 118ms
318 timing reifyNode:node_modules/inherits Completed in 119ms
319 timing reifyNode:node_modules/unpipe Completed in 119ms
320 timing reifyNode:node_modules/toidentifier Completed in 119ms
321 timing reifyNode:node_modules/ms Completed in 119ms
322 timing reifyNode:node_modules/bytes Completed in 119ms
323 timing reifyNode:node_modules/vary Completed in 119ms
324 timing reifyNode:node_modules/type-is Completed in 118ms
325 timing reifyNode:node_modules/range-parser Completed in 118ms
326 timing reifyNode:node_modules/methods Completed in 118ms
327 timing reifyNode:node_modules/merge-descriptors Completed in 118ms
328 timing reifyNode:node_modules/parseurl Completed in 118ms
329 timing reifyNode:node_modules/fresh Completed in 118ms
330 timing reifyNode:node_modules/etag Completed in 119ms
331 timing reifyNode:node_modules/http-errors Completed in 119ms
332 timing reifyNode:node_modules/encodeurl Completed in 119ms
333 timing reifyNode:node_modules/content-type Completed in 119ms
334 timing reifyNode:node_modules/array-flatten Completed in 119ms
335 timing reifyNode:node_modules/accepts Completed in 119ms
336 timing reifyNode:node_modules/utils-merge Completed in 122ms
337 timing reifyNode:node_modules/path-to-regexp Completed in 121ms
338 timing reifyNode:node_modules/proxy-addr Completed in 121ms
339 timing reifyNode:node_modules/on-finished Completed in 121ms
340 timing reifyNode:node_modules/cookie-signature Completed in 121ms
341 timing reifyNode:node_modules/mime-types Completed in 124ms
342 timing reifyNode:node_modules/statuses Completed in 123ms
343 timing reifyNode:node_modules/setprototypeof Completed in 123ms
344 timing reifyNode:node_modules/serve-static Completed in 123ms
345 timing reifyNode:node_modules/content-disposition Completed in 123ms
346 timing reifyNode:node_modules/safe-buffer Completed in 124ms
347 timing reifyNode:node_modules/finalhandler Completed in 125ms
348 timing reifyNode:node_modules/cookie Completed in 125ms
349 timing reifyNode:node_modules/raw-body Completed in 127ms
350 timing reifyNode:node_modules/gopd Completed in 129ms
351 timing reifyNode:node_modules/safer-buffer Completed in 128ms
352 timing reifyNode:node_modules/depd Completed in 127ms
353 timing reifyNode:node_modules/hasown Completed in 130ms
354 timing reifyNode:node_modules/ipaddr.js Completed in 130ms
355 timing reifyNode:node_modules/send Completed in 130ms
356 timing reifyNode:node_modules/has-property-descriptors Completed in 133ms
357 timing reifyNode:node_modules/es-define-property Completed in 133ms
358 timing reifyNode:node_modules/negotiator Completed in 132ms
359 timing reifyNode:node_modules/has-proto Completed in 133ms
360 timing reifyNode:node_modules/call-bind Completed in 133ms
361 timing reifyNode:node_modules/set-function-length Completed in 134ms
362 timing reifyNode:node_modules/get-intrinsic Completed in 133ms
363 timing reifyNode:node_modules/mime Completed in 134ms
364 timing reifyNode:node_modules/define-data-property Completed in 136ms
365 timing reifyNode:node_modules/side-channel Completed in 135ms
366 timing reifyNode:node_modules/function-bind Completed in 137ms
367 timing reifyNode:node_modules/has-symbols Completed in 138ms
368 timing reifyNode:node_modules/mime-db Completed in 137ms
369 timing reifyNode:node_modules/body-parser Completed in 137ms
370 timing reifyNode:node_modules/debug Completed in 138ms
371 timing reifyNode:node_modules/es-errors Completed in 140ms
372 timing reifyNode:node_modules/express Completed in 142ms
373 timing reifyNode:node_modules/qs Completed in 143ms
374 timing reifyNode:node_modules/object-inspect Completed in 146ms
375 timing reifyNode:node_modules/iconv-lite Completed in 146ms
376 timing reifyNode:node_modules/lodash Completed in 244ms
377 timing reify:unpack Completed in 247ms
378 timing reify:unretire Completed in 0ms
379 timing build:queue Completed in 1ms
380 timing build:link:node_modules/mime Completed in 2ms
381 timing build:link Completed in 2ms
382 timing build:deps Completed in 3ms
383 timing build Completed in 4ms
384 timing reify:build Completed in 4ms
385 timing reify:trash Completed in 0ms
386 timing reify:save Completed in 8ms
387 http fetch POST 200 https://registry.npmjs.org/-/npm/v1/security/advisories/bulk 545ms
388 timing auditReport:getReport Completed in 550ms
389 silly audit report {}
390 timing auditReport:init Completed in 0ms
391 timing reify:audit Completed in 550ms
392 timing reify Completed in 6264ms
393 silly ADD node_modules/media-typer
394 silly ADD node_modules/has-property-descriptors
395 silly ADD node_modules/gopd
396 silly ADD node_modules/define-data-property
397 silly ADD node_modules/hasown
398 silly ADD node_modules/has-symbols
399 silly ADD node_modules/has-proto
400 silly ADD node_modules/set-function-length
401 silly ADD node_modules/function-bind
402 silly ADD node_modules/es-define-property
403 silly ADD node_modules/object-inspect
404 silly ADD node_modules/get-intrinsic
405 silly ADD node_modules/es-errors
406 silly ADD node_modules/call-bind
407 silly ADD node_modules/mime
408 silly ADD node_modules/side-channel
409 silly ADD node_modules/ipaddr.js
410 silly ADD node_modules/forwarded
411 silly ADD node_modules/ee-first
412 silly ADD node_modules/mime-db
413 silly ADD node_modules/safer-buffer
414 silly ADD node_modules/toidentifier
415 silly ADD node_modules/inherits
416 silly ADD node_modules/ms
417 silly ADD node_modules/unpipe
418 silly ADD node_modules/raw-body
419 silly ADD node_modules/iconv-lite
420 silly ADD node_modules/destroy
421 silly ADD node_modules/bytes
422 silly ADD node_modules/negotiator
423 silly ADD node_modules/mime-types
424 silly ADD node_modules/vary
425 silly ADD node_modules/utils-merge
426 silly ADD node_modules/type-is
427 silly ADD node_modules/statuses
428 silly ADD node_modules/setprototypeof
429 silly ADD node_modules/serve-static
430 silly ADD node_modules/send
431 silly ADD node_modules/send/node_modules/ms
432 silly ADD node_modules/safe-buffer
433 silly ADD node_modules/range-parser
434 silly ADD node_modules/qs
435 silly ADD node_modules/proxy-addr
436 silly ADD node_modules/path-to-regexp
437 silly ADD node_modules/parseurl
438 silly ADD node_modules/on-finished
439 silly ADD node_modules/methods
440 silly ADD node_modules/merge-descriptors
441 silly ADD node_modules/http-errors
442 silly ADD node_modules/fresh
443 silly ADD node_modules/finalhandler
444 silly ADD node_modules/etag
445 silly ADD node_modules/escape-html
446 silly ADD node_modules/encodeurl
447 silly ADD node_modules/depd
448 silly ADD node_modules/debug
449 silly ADD node_modules/cookie-signature
450 silly ADD node_modules/cookie
451 silly ADD node_modules/content-type
452 silly ADD node_modules/content-disposition
453 silly ADD node_modules/body-parser
454 silly ADD node_modules/array-flatten
455 silly ADD node_modules/accepts
456 silly ADD node_modules/lodash
457 silly ADD node_modules/express
458 timing command:install Completed in 6275ms
459 verbose exit 0
460 timing npm Completed in 6293ms
461 info ok
